Copyright 1986-2020 Xilinx, Inc. All Rights Reserved.
-----------------------------------------------------------------------------------------------------------------------------------------------------------------------------------------------------------------------------------------------------------------------
| Tool Version : Vivado v.2020.1.1 (win64) Build 2960000 Wed Aug  5 22:57:20 MDT 2020
| Date         : Thu Nov 26 01:16:26 2020
| Host         : LAPTOP-J5R9FCMI running 64-bit major release  (build 9200)
| Command      : report_timing_summary -max_paths 10 -file Lab5_Team10_Vending_Machine_fpga_timing_summary_routed.rpt -pb Lab5_Team10_Vending_Machine_fpga_timing_summary_routed.pb -rpx Lab5_Team10_Vending_Machine_fpga_timing_summary_routed.rpx -warn_on_violation
| Design       : Lab5_Team10_Vending_Machine_fpga
| Device       : 7a35t-cpg236
| Speed File   : -1  PRODUCTION 1.23 2018-06-13
-----------------------------------------------------------------------------------------------------------------------------------------------------------------------------------------------------------------------------------------------------------------------

Timing Summary Report

------------------------------------------------------------------------------------------------
| Timer Settings
| --------------
------------------------------------------------------------------------------------------------

  Enable Multi Corner Analysis               :  Yes
  Enable Pessimism Removal                   :  Yes
  Pessimism Removal Resolution               :  Nearest Common Node
  Enable Input Delay Default Clock           :  No
  Enable Preset / Clear Arcs                 :  No
  Disable Flight Delays                      :  No
  Ignore I/O Paths                           :  No
  Timing Early Launch at Borrowing Latches   :  No
  Borrow Time for Max Delay Exceptions       :  Yes
  Merge Timing Exceptions                    :  Yes

  Corner  Analyze    Analyze    
  Name    Max Paths  Min Paths  
  ------  ---------  ---------  
  Slow    Yes        Yes        
  Fast    Yes        Yes        



check_timing report

Table of Contents
-----------------
1. checking no_clock (2970)
2. checking constant_clock (0)
3. checking pulse_width_clock (0)
4. checking unconstrained_internal_endpoints (2019)
5. checking no_input_delay (7)
6. checking no_output_delay (19)
7. checking multiple_clock (0)
8. checking generated_clocks (0)
9. checking loops (0)
10. checking partial_input_delay (0)
11. checking partial_output_delay (0)
12. checking latch_loops (0)

1. checking no_clock (2970)
---------------------------
 There are 702 register/latch pins with no clock driven by root clock pin: clk (HIGH)

 There are 31 register/latch pins with no clock driven by root clock pin: FSM_sequential_state_reg[0]/Q (HIGH)

 There are 31 register/latch pins with no clock driven by root clock pin: FSM_sequential_state_reg[1]/Q (HIGH)

 There are 40 register/latch pins with no clock driven by root clock pin: clk_18_reg[17]/Q (HIGH)

 There are 4 register/latch pins with no clock driven by root clock pin: delay_reg[0]/Q (HIGH)

 There are 4 register/latch pins with no clock driven by root clock pin: delay_reg[10]/Q (HIGH)

 There are 4 register/latch pins with no clock driven by root clock pin: delay_reg[11]/Q (HIGH)

 There are 4 register/latch pins with no clock driven by root clock pin: delay_reg[12]/Q (HIGH)

 There are 4 register/latch pins with no clock driven by root clock pin: delay_reg[13]/Q (HIGH)

 There are 4 register/latch pins with no clock driven by root clock pin: delay_reg[14]/Q (HIGH)

 There are 4 register/latch pins with no clock driven by root clock pin: delay_reg[15]/Q (HIGH)

 There are 4 register/latch pins with no clock driven by root clock pin: delay_reg[16]/Q (HIGH)

 There are 4 register/latch pins with no clock driven by root clock pin: delay_reg[17]/Q (HIGH)

 There are 4 register/latch pins with no clock driven by root clock pin: delay_reg[1]/Q (HIGH)

 There are 4 register/latch pins with no clock driven by root clock pin: delay_reg[2]/Q (HIGH)

 There are 4 register/latch pins with no clock driven by root clock pin: delay_reg[3]/Q (HIGH)

 There are 4 register/latch pins with no clock driven by root clock pin: delay_reg[4]/Q (HIGH)

 There are 4 register/latch pins with no clock driven by root clock pin: delay_reg[5]/Q (HIGH)

 There are 4 register/latch pins with no clock driven by root clock pin: delay_reg[6]/Q (HIGH)

 There are 4 register/latch pins with no clock driven by root clock pin: delay_reg[7]/Q (HIGH)

 There are 4 register/latch pins with no clock driven by root clock pin: delay_reg[8]/Q (HIGH)

 There are 4 register/latch pins with no clock driven by root clock pin: delay_reg[9]/Q (HIGH)

 There are 4 register/latch pins with no clock driven by root clock pin: key_de/key_down_reg[0]/Q (HIGH)

 There are 4 register/latch pins with no clock driven by root clock pin: key_de/key_down_reg[100]/Q (HIGH)

 There are 4 register/latch pins with no clock driven by root clock pin: key_de/key_down_reg[101]/Q (HIGH)

 There are 4 register/latch pins with no clock driven by root clock pin: key_de/key_down_reg[102]/Q (HIGH)

 There are 4 register/latch pins with no clock driven by root clock pin: key_de/key_down_reg[103]/Q (HIGH)

 There are 4 register/latch pins with no clock driven by root clock pin: key_de/key_down_reg[104]/Q (HIGH)

 There are 4 register/latch pins with no clock driven by root clock pin: key_de/key_down_reg[105]/Q (HIGH)

 There are 4 register/latch pins with no clock driven by root clock pin: key_de/key_down_reg[106]/Q (HIGH)

 There are 4 register/latch pins with no clock driven by root clock pin: key_de/key_down_reg[107]/Q (HIGH)

 There are 4 register/latch pins with no clock driven by root clock pin: key_de/key_down_reg[108]/Q (HIGH)

 There are 4 register/latch pins with no clock driven by root clock pin: key_de/key_down_reg[109]/Q (HIGH)

 There are 4 register/latch pins with no clock driven by root clock pin: key_de/key_down_reg[10]/Q (HIGH)

 There are 4 register/latch pins with no clock driven by root clock pin: key_de/key_down_reg[110]/Q (HIGH)

 There are 4 register/latch pins with no clock driven by root clock pin: key_de/key_down_reg[111]/Q (HIGH)

 There are 4 register/latch pins with no clock driven by root clock pin: key_de/key_down_reg[112]/Q (HIGH)

 There are 4 register/latch pins with no clock driven by root clock pin: key_de/key_down_reg[113]/Q (HIGH)

 There are 4 register/latch pins with no clock driven by root clock pin: key_de/key_down_reg[114]/Q (HIGH)

 There are 4 register/latch pins with no clock driven by root clock pin: key_de/key_down_reg[115]/Q (HIGH)

 There are 4 register/latch pins with no clock driven by root clock pin: key_de/key_down_reg[116]/Q (HIGH)

 There are 4 register/latch pins with no clock driven by root clock pin: key_de/key_down_reg[117]/Q (HIGH)

 There are 4 register/latch pins with no clock driven by root clock pin: key_de/key_down_reg[118]/Q (HIGH)

 There are 4 register/latch pins with no clock driven by root clock pin: key_de/key_down_reg[119]/Q (HIGH)

 There are 4 register/latch pins with no clock driven by root clock pin: key_de/key_down_reg[11]/Q (HIGH)

 There are 4 register/latch pins with no clock driven by root clock pin: key_de/key_down_reg[120]/Q (HIGH)

 There are 4 register/latch pins with no clock driven by root clock pin: key_de/key_down_reg[121]/Q (HIGH)

 There are 4 register/latch pins with no clock driven by root clock pin: key_de/key_down_reg[122]/Q (HIGH)

 There are 4 register/latch pins with no clock driven by root clock pin: key_de/key_down_reg[123]/Q (HIGH)

 There are 4 register/latch pins with no clock driven by root clock pin: key_de/key_down_reg[124]/Q (HIGH)

 There are 4 register/latch pins with no clock driven by root clock pin: key_de/key_down_reg[125]/Q (HIGH)

 There are 4 register/latch pins with no clock driven by root clock pin: key_de/key_down_reg[126]/Q (HIGH)

 There are 4 register/latch pins with no clock driven by root clock pin: key_de/key_down_reg[127]/Q (HIGH)

 There are 4 register/latch pins with no clock driven by root clock pin: key_de/key_down_reg[128]/Q (HIGH)

 There are 4 register/latch pins with no clock driven by root clock pin: key_de/key_down_reg[129]/Q (HIGH)

 There are 4 register/latch pins with no clock driven by root clock pin: key_de/key_down_reg[12]/Q (HIGH)

 There are 4 register/latch pins with no clock driven by root clock pin: key_de/key_down_reg[130]/Q (HIGH)

 There are 4 register/latch pins with no clock driven by root clock pin: key_de/key_down_reg[131]/Q (HIGH)

 There are 4 register/latch pins with no clock driven by root clock pin: key_de/key_down_reg[132]/Q (HIGH)

 There are 4 register/latch pins with no clock driven by root clock pin: key_de/key_down_reg[133]/Q (HIGH)

 There are 4 register/latch pins with no clock driven by root clock pin: key_de/key_down_reg[134]/Q (HIGH)

 There are 4 register/latch pins with no clock driven by root clock pin: key_de/key_down_reg[135]/Q (HIGH)

 There are 4 register/latch pins with no clock driven by root clock pin: key_de/key_down_reg[136]/Q (HIGH)

 There are 4 register/latch pins with no clock driven by root clock pin: key_de/key_down_reg[137]/Q (HIGH)

 There are 4 register/latch pins with no clock driven by root clock pin: key_de/key_down_reg[138]/Q (HIGH)

 There are 4 register/latch pins with no clock driven by root clock pin: key_de/key_down_reg[139]/Q (HIGH)

 There are 4 register/latch pins with no clock driven by root clock pin: key_de/key_down_reg[13]/Q (HIGH)

 There are 4 register/latch pins with no clock driven by root clock pin: key_de/key_down_reg[140]/Q (HIGH)

 There are 4 register/latch pins with no clock driven by root clock pin: key_de/key_down_reg[141]/Q (HIGH)

 There are 4 register/latch pins with no clock driven by root clock pin: key_de/key_down_reg[142]/Q (HIGH)

 There are 4 register/latch pins with no clock driven by root clock pin: key_de/key_down_reg[143]/Q (HIGH)

 There are 4 register/latch pins with no clock driven by root clock pin: key_de/key_down_reg[144]/Q (HIGH)

 There are 4 register/latch pins with no clock driven by root clock pin: key_de/key_down_reg[145]/Q (HIGH)

 There are 4 register/latch pins with no clock driven by root clock pin: key_de/key_down_reg[146]/Q (HIGH)

 There are 4 register/latch pins with no clock driven by root clock pin: key_de/key_down_reg[147]/Q (HIGH)

 There are 4 register/latch pins with no clock driven by root clock pin: key_de/key_down_reg[148]/Q (HIGH)

 There are 4 register/latch pins with no clock driven by root clock pin: key_de/key_down_reg[149]/Q (HIGH)

 There are 4 register/latch pins with no clock driven by root clock pin: key_de/key_down_reg[14]/Q (HIGH)

 There are 4 register/latch pins with no clock driven by root clock pin: key_de/key_down_reg[150]/Q (HIGH)

 There are 4 register/latch pins with no clock driven by root clock pin: key_de/key_down_reg[151]/Q (HIGH)

 There are 4 register/latch pins with no clock driven by root clock pin: key_de/key_down_reg[152]/Q (HIGH)

 There are 4 register/latch pins with no clock driven by root clock pin: key_de/key_down_reg[153]/Q (HIGH)

 There are 4 register/latch pins with no clock driven by root clock pin: key_de/key_down_reg[154]/Q (HIGH)

 There are 4 register/latch pins with no clock driven by root clock pin: key_de/key_down_reg[155]/Q (HIGH)

 There are 4 register/latch pins with no clock driven by root clock pin: key_de/key_down_reg[156]/Q (HIGH)

 There are 4 register/latch pins with no clock driven by root clock pin: key_de/key_down_reg[157]/Q (HIGH)

 There are 4 register/latch pins with no clock driven by root clock pin: key_de/key_down_reg[158]/Q (HIGH)

 There are 4 register/latch pins with no clock driven by root clock pin: key_de/key_down_reg[159]/Q (HIGH)

 There are 4 register/latch pins with no clock driven by root clock pin: key_de/key_down_reg[15]/Q (HIGH)

 There are 4 register/latch pins with no clock driven by root clock pin: key_de/key_down_reg[160]/Q (HIGH)

 There are 4 register/latch pins with no clock driven by root clock pin: key_de/key_down_reg[161]/Q (HIGH)

 There are 4 register/latch pins with no clock driven by root clock pin: key_de/key_down_reg[162]/Q (HIGH)

 There are 4 register/latch pins with no clock driven by root clock pin: key_de/key_down_reg[163]/Q (HIGH)

 There are 4 register/latch pins with no clock driven by root clock pin: key_de/key_down_reg[164]/Q (HIGH)

 There are 4 register/latch pins with no clock driven by root clock pin: key_de/key_down_reg[165]/Q (HIGH)

 There are 4 register/latch pins with no clock driven by root clock pin: key_de/key_down_reg[166]/Q (HIGH)

 There are 4 register/latch pins with no clock driven by root clock pin: key_de/key_down_reg[167]/Q (HIGH)

 There are 4 register/latch pins with no clock driven by root clock pin: key_de/key_down_reg[168]/Q (HIGH)

 There are 4 register/latch pins with no clock driven by root clock pin: key_de/key_down_reg[169]/Q (HIGH)

 There are 4 register/latch pins with no clock driven by root clock pin: key_de/key_down_reg[16]/Q (HIGH)

 There are 4 register/latch pins with no clock driven by root clock pin: key_de/key_down_reg[170]/Q (HIGH)

 There are 4 register/latch pins with no clock driven by root clock pin: key_de/key_down_reg[171]/Q (HIGH)

 There are 4 register/latch pins with no clock driven by root clock pin: key_de/key_down_reg[172]/Q (HIGH)

 There are 4 register/latch pins with no clock driven by root clock pin: key_de/key_down_reg[173]/Q (HIGH)

 There are 4 register/latch pins with no clock driven by root clock pin: key_de/key_down_reg[174]/Q (HIGH)

 There are 4 register/latch pins with no clock driven by root clock pin: key_de/key_down_reg[175]/Q (HIGH)

 There are 4 register/latch pins with no clock driven by root clock pin: key_de/key_down_reg[176]/Q (HIGH)

 There are 4 register/latch pins with no clock driven by root clock pin: key_de/key_down_reg[177]/Q (HIGH)

 There are 4 register/latch pins with no clock driven by root clock pin: key_de/key_down_reg[178]/Q (HIGH)

 There are 4 register/latch pins with no clock driven by root clock pin: key_de/key_down_reg[179]/Q (HIGH)

 There are 4 register/latch pins with no clock driven by root clock pin: key_de/key_down_reg[17]/Q (HIGH)

 There are 4 register/latch pins with no clock driven by root clock pin: key_de/key_down_reg[180]/Q (HIGH)

 There are 4 register/latch pins with no clock driven by root clock pin: key_de/key_down_reg[181]/Q (HIGH)

 There are 4 register/latch pins with no clock driven by root clock pin: key_de/key_down_reg[182]/Q (HIGH)

 There are 4 register/latch pins with no clock driven by root clock pin: key_de/key_down_reg[183]/Q (HIGH)

 There are 4 register/latch pins with no clock driven by root clock pin: key_de/key_down_reg[184]/Q (HIGH)

 There are 4 register/latch pins with no clock driven by root clock pin: key_de/key_down_reg[185]/Q (HIGH)

 There are 4 register/latch pins with no clock driven by root clock pin: key_de/key_down_reg[186]/Q (HIGH)

 There are 4 register/latch pins with no clock driven by root clock pin: key_de/key_down_reg[187]/Q (HIGH)

 There are 4 register/latch pins with no clock driven by root clock pin: key_de/key_down_reg[188]/Q (HIGH)

 There are 4 register/latch pins with no clock driven by root clock pin: key_de/key_down_reg[189]/Q (HIGH)

 There are 4 register/latch pins with no clock driven by root clock pin: key_de/key_down_reg[18]/Q (HIGH)

 There are 4 register/latch pins with no clock driven by root clock pin: key_de/key_down_reg[190]/Q (HIGH)

 There are 4 register/latch pins with no clock driven by root clock pin: key_de/key_down_reg[191]/Q (HIGH)

 There are 4 register/latch pins with no clock driven by root clock pin: key_de/key_down_reg[192]/Q (HIGH)

 There are 4 register/latch pins with no clock driven by root clock pin: key_de/key_down_reg[193]/Q (HIGH)

 There are 4 register/latch pins with no clock driven by root clock pin: key_de/key_down_reg[194]/Q (HIGH)

 There are 4 register/latch pins with no clock driven by root clock pin: key_de/key_down_reg[195]/Q (HIGH)

 There are 4 register/latch pins with no clock driven by root clock pin: key_de/key_down_reg[196]/Q (HIGH)

 There are 4 register/latch pins with no clock driven by root clock pin: key_de/key_down_reg[197]/Q (HIGH)

 There are 4 register/latch pins with no clock driven by root clock pin: key_de/key_down_reg[198]/Q (HIGH)

 There are 4 register/latch pins with no clock driven by root clock pin: key_de/key_down_reg[199]/Q (HIGH)

 There are 4 register/latch pins with no clock driven by root clock pin: key_de/key_down_reg[19]/Q (HIGH)

 There are 4 register/latch pins with no clock driven by root clock pin: key_de/key_down_reg[1]/Q (HIGH)

 There are 4 register/latch pins with no clock driven by root clock pin: key_de/key_down_reg[200]/Q (HIGH)

 There are 4 register/latch pins with no clock driven by root clock pin: key_de/key_down_reg[201]/Q (HIGH)

 There are 4 register/latch pins with no clock driven by root clock pin: key_de/key_down_reg[202]/Q (HIGH)

 There are 4 register/latch pins with no clock driven by root clock pin: key_de/key_down_reg[203]/Q (HIGH)

 There are 4 register/latch pins with no clock driven by root clock pin: key_de/key_down_reg[204]/Q (HIGH)

 There are 4 register/latch pins with no clock driven by root clock pin: key_de/key_down_reg[205]/Q (HIGH)

 There are 4 register/latch pins with no clock driven by root clock pin: key_de/key_down_reg[206]/Q (HIGH)

 There are 4 register/latch pins with no clock driven by root clock pin: key_de/key_down_reg[207]/Q (HIGH)

 There are 4 register/latch pins with no clock driven by root clock pin: key_de/key_down_reg[208]/Q (HIGH)

 There are 4 register/latch pins with no clock driven by root clock pin: key_de/key_down_reg[209]/Q (HIGH)

 There are 4 register/latch pins with no clock driven by root clock pin: key_de/key_down_reg[20]/Q (HIGH)

 There are 4 register/latch pins with no clock driven by root clock pin: key_de/key_down_reg[210]/Q (HIGH)

 There are 4 register/latch pins with no clock driven by root clock pin: key_de/key_down_reg[211]/Q (HIGH)

 There are 4 register/latch pins with no clock driven by root clock pin: key_de/key_down_reg[212]/Q (HIGH)

 There are 4 register/latch pins with no clock driven by root clock pin: key_de/key_down_reg[213]/Q (HIGH)

 There are 4 register/latch pins with no clock driven by root clock pin: key_de/key_down_reg[214]/Q (HIGH)

 There are 4 register/latch pins with no clock driven by root clock pin: key_de/key_down_reg[215]/Q (HIGH)

 There are 4 register/latch pins with no clock driven by root clock pin: key_de/key_down_reg[216]/Q (HIGH)

 There are 4 register/latch pins with no clock driven by root clock pin: key_de/key_down_reg[217]/Q (HIGH)

 There are 4 register/latch pins with no clock driven by root clock pin: key_de/key_down_reg[218]/Q (HIGH)

 There are 4 register/latch pins with no clock driven by root clock pin: key_de/key_down_reg[219]/Q (HIGH)

 There are 4 register/latch pins with no clock driven by root clock pin: key_de/key_down_reg[21]/Q (HIGH)

 There are 4 register/latch pins with no clock driven by root clock pin: key_de/key_down_reg[220]/Q (HIGH)

 There are 4 register/latch pins with no clock driven by root clock pin: key_de/key_down_reg[221]/Q (HIGH)

 There are 4 register/latch pins with no clock driven by root clock pin: key_de/key_down_reg[222]/Q (HIGH)

 There are 4 register/latch pins with no clock driven by root clock pin: key_de/key_down_reg[223]/Q (HIGH)

 There are 4 register/latch pins with no clock driven by root clock pin: key_de/key_down_reg[224]/Q (HIGH)

 There are 4 register/latch pins with no clock driven by root clock pin: key_de/key_down_reg[225]/Q (HIGH)

 There are 4 register/latch pins with no clock driven by root clock pin: key_de/key_down_reg[226]/Q (HIGH)

 There are 4 register/latch pins with no clock driven by root clock pin: key_de/key_down_reg[227]/Q (HIGH)

 There are 4 register/latch pins with no clock driven by root clock pin: key_de/key_down_reg[228]/Q (HIGH)

 There are 4 register/latch pins with no clock driven by root clock pin: key_de/key_down_reg[229]/Q (HIGH)

 There are 4 register/latch pins with no clock driven by root clock pin: key_de/key_down_reg[22]/Q (HIGH)

 There are 4 register/latch pins with no clock driven by root clock pin: key_de/key_down_reg[230]/Q (HIGH)

 There are 4 register/latch pins with no clock driven by root clock pin: key_de/key_down_reg[231]/Q (HIGH)

 There are 4 register/latch pins with no clock driven by root clock pin: key_de/key_down_reg[232]/Q (HIGH)

 There are 4 register/latch pins with no clock driven by root clock pin: key_de/key_down_reg[233]/Q (HIGH)

 There are 4 register/latch pins with no clock driven by root clock pin: key_de/key_down_reg[234]/Q (HIGH)

 There are 4 register/latch pins with no clock driven by root clock pin: key_de/key_down_reg[235]/Q (HIGH)

 There are 4 register/latch pins with no clock driven by root clock pin: key_de/key_down_reg[236]/Q (HIGH)

 There are 4 register/latch pins with no clock driven by root clock pin: key_de/key_down_reg[237]/Q (HIGH)

 There are 4 register/latch pins with no clock driven by root clock pin: key_de/key_down_reg[238]/Q (HIGH)

 There are 4 register/latch pins with no clock driven by root clock pin: key_de/key_down_reg[239]/Q (HIGH)

 There are 4 register/latch pins with no clock driven by root clock pin: key_de/key_down_reg[23]/Q (HIGH)

 There are 4 register/latch pins with no clock driven by root clock pin: key_de/key_down_reg[240]/Q (HIGH)

 There are 4 register/latch pins with no clock driven by root clock pin: key_de/key_down_reg[241]/Q (HIGH)

 There are 4 register/latch pins with no clock driven by root clock pin: key_de/key_down_reg[242]/Q (HIGH)

 There are 4 register/latch pins with no clock driven by root clock pin: key_de/key_down_reg[243]/Q (HIGH)

 There are 4 register/latch pins with no clock driven by root clock pin: key_de/key_down_reg[244]/Q (HIGH)

 There are 4 register/latch pins with no clock driven by root clock pin: key_de/key_down_reg[245]/Q (HIGH)

 There are 4 register/latch pins with no clock driven by root clock pin: key_de/key_down_reg[246]/Q (HIGH)

 There are 4 register/latch pins with no clock driven by root clock pin: key_de/key_down_reg[247]/Q (HIGH)

 There are 4 register/latch pins with no clock driven by root clock pin: key_de/key_down_reg[248]/Q (HIGH)

 There are 4 register/latch pins with no clock driven by root clock pin: key_de/key_down_reg[249]/Q (HIGH)

 There are 4 register/latch pins with no clock driven by root clock pin: key_de/key_down_reg[24]/Q (HIGH)

 There are 4 register/latch pins with no clock driven by root clock pin: key_de/key_down_reg[250]/Q (HIGH)

 There are 4 register/latch pins with no clock driven by root clock pin: key_de/key_down_reg[251]/Q (HIGH)

 There are 4 register/latch pins with no clock driven by root clock pin: key_de/key_down_reg[252]/Q (HIGH)

 There are 4 register/latch pins with no clock driven by root clock pin: key_de/key_down_reg[253]/Q (HIGH)

 There are 4 register/latch pins with no clock driven by root clock pin: key_de/key_down_reg[254]/Q (HIGH)

 There are 4 register/latch pins with no clock driven by root clock pin: key_de/key_down_reg[255]/Q (HIGH)

 There are 4 register/latch pins with no clock driven by root clock pin: key_de/key_down_reg[256]/Q (HIGH)

 There are 4 register/latch pins with no clock driven by root clock pin: key_de/key_down_reg[257]/Q (HIGH)

 There are 4 register/latch pins with no clock driven by root clock pin: key_de/key_down_reg[258]/Q (HIGH)

 There are 4 register/latch pins with no clock driven by root clock pin: key_de/key_down_reg[259]/Q (HIGH)

 There are 4 register/latch pins with no clock driven by root clock pin: key_de/key_down_reg[25]/Q (HIGH)

 There are 4 register/latch pins with no clock driven by root clock pin: key_de/key_down_reg[260]/Q (HIGH)

 There are 4 register/latch pins with no clock driven by root clock pin: key_de/key_down_reg[261]/Q (HIGH)

 There are 4 register/latch pins with no clock driven by root clock pin: key_de/key_down_reg[262]/Q (HIGH)

 There are 4 register/latch pins with no clock driven by root clock pin: key_de/key_down_reg[263]/Q (HIGH)

 There are 4 register/latch pins with no clock driven by root clock pin: key_de/key_down_reg[264]/Q (HIGH)

 There are 4 register/latch pins with no clock driven by root clock pin: key_de/key_down_reg[265]/Q (HIGH)

 There are 4 register/latch pins with no clock driven by root clock pin: key_de/key_down_reg[266]/Q (HIGH)

 There are 4 register/latch pins with no clock driven by root clock pin: key_de/key_down_reg[267]/Q (HIGH)

 There are 4 register/latch pins with no clock driven by root clock pin: key_de/key_down_reg[268]/Q (HIGH)

 There are 4 register/latch pins with no clock driven by root clock pin: key_de/key_down_reg[269]/Q (HIGH)

 There are 4 register/latch pins with no clock driven by root clock pin: key_de/key_down_reg[26]/Q (HIGH)

 There are 4 register/latch pins with no clock driven by root clock pin: key_de/key_down_reg[270]/Q (HIGH)

 There are 4 register/latch pins with no clock driven by root clock pin: key_de/key_down_reg[271]/Q (HIGH)

 There are 4 register/latch pins with no clock driven by root clock pin: key_de/key_down_reg[272]/Q (HIGH)

 There are 4 register/latch pins with no clock driven by root clock pin: key_de/key_down_reg[273]/Q (HIGH)

 There are 4 register/latch pins with no clock driven by root clock pin: key_de/key_down_reg[274]/Q (HIGH)

 There are 4 register/latch pins with no clock driven by root clock pin: key_de/key_down_reg[275]/Q (HIGH)

 There are 4 register/latch pins with no clock driven by root clock pin: key_de/key_down_reg[276]/Q (HIGH)

 There are 4 register/latch pins with no clock driven by root clock pin: key_de/key_down_reg[277]/Q (HIGH)

 There are 4 register/latch pins with no clock driven by root clock pin: key_de/key_down_reg[278]/Q (HIGH)

 There are 4 register/latch pins with no clock driven by root clock pin: key_de/key_down_reg[279]/Q (HIGH)

 There are 4 register/latch pins with no clock driven by root clock pin: key_de/key_down_reg[27]/Q (HIGH)

 There are 4 register/latch pins with no clock driven by root clock pin: key_de/key_down_reg[280]/Q (HIGH)

 There are 4 register/latch pins with no clock driven by root clock pin: key_de/key_down_reg[281]/Q (HIGH)

 There are 4 register/latch pins with no clock driven by root clock pin: key_de/key_down_reg[282]/Q (HIGH)

 There are 4 register/latch pins with no clock driven by root clock pin: key_de/key_down_reg[283]/Q (HIGH)

 There are 4 register/latch pins with no clock driven by root clock pin: key_de/key_down_reg[284]/Q (HIGH)

 There are 4 register/latch pins with no clock driven by root clock pin: key_de/key_down_reg[285]/Q (HIGH)

 There are 4 register/latch pins with no clock driven by root clock pin: key_de/key_down_reg[286]/Q (HIGH)

 There are 4 register/latch pins with no clock driven by root clock pin: key_de/key_down_reg[287]/Q (HIGH)

 There are 4 register/latch pins with no clock driven by root clock pin: key_de/key_down_reg[288]/Q (HIGH)

 There are 4 register/latch pins with no clock driven by root clock pin: key_de/key_down_reg[289]/Q (HIGH)

 There are 4 register/latch pins with no clock driven by root clock pin: key_de/key_down_reg[28]/Q (HIGH)

 There are 4 register/latch pins with no clock driven by root clock pin: key_de/key_down_reg[290]/Q (HIGH)

 There are 4 register/latch pins with no clock driven by root clock pin: key_de/key_down_reg[291]/Q (HIGH)

 There are 4 register/latch pins with no clock driven by root clock pin: key_de/key_down_reg[292]/Q (HIGH)

 There are 4 register/latch pins with no clock driven by root clock pin: key_de/key_down_reg[293]/Q (HIGH)

 There are 4 register/latch pins with no clock driven by root clock pin: key_de/key_down_reg[294]/Q (HIGH)

 There are 4 register/latch pins with no clock driven by root clock pin: key_de/key_down_reg[295]/Q (HIGH)

 There are 4 register/latch pins with no clock driven by root clock pin: key_de/key_down_reg[296]/Q (HIGH)

 There are 4 register/latch pins with no clock driven by root clock pin: key_de/key_down_reg[297]/Q (HIGH)

 There are 4 register/latch pins with no clock driven by root clock pin: key_de/key_down_reg[298]/Q (HIGH)

 There are 4 register/latch pins with no clock driven by root clock pin: key_de/key_down_reg[299]/Q (HIGH)

 There are 4 register/latch pins with no clock driven by root clock pin: key_de/key_down_reg[29]/Q (HIGH)

 There are 4 register/latch pins with no clock driven by root clock pin: key_de/key_down_reg[2]/Q (HIGH)

 There are 4 register/latch pins with no clock driven by root clock pin: key_de/key_down_reg[300]/Q (HIGH)

 There are 4 register/latch pins with no clock driven by root clock pin: key_de/key_down_reg[301]/Q (HIGH)

 There are 4 register/latch pins with no clock driven by root clock pin: key_de/key_down_reg[302]/Q (HIGH)

 There are 4 register/latch pins with no clock driven by root clock pin: key_de/key_down_reg[303]/Q (HIGH)

 There are 4 register/latch pins with no clock driven by root clock pin: key_de/key_down_reg[304]/Q (HIGH)

 There are 4 register/latch pins with no clock driven by root clock pin: key_de/key_down_reg[305]/Q (HIGH)

 There are 4 register/latch pins with no clock driven by root clock pin: key_de/key_down_reg[306]/Q (HIGH)

 There are 4 register/latch pins with no clock driven by root clock pin: key_de/key_down_reg[307]/Q (HIGH)

 There are 4 register/latch pins with no clock driven by root clock pin: key_de/key_down_reg[308]/Q (HIGH)

 There are 4 register/latch pins with no clock driven by root clock pin: key_de/key_down_reg[309]/Q (HIGH)

 There are 4 register/latch pins with no clock driven by root clock pin: key_de/key_down_reg[30]/Q (HIGH)

 There are 4 register/latch pins with no clock driven by root clock pin: key_de/key_down_reg[310]/Q (HIGH)

 There are 4 register/latch pins with no clock driven by root clock pin: key_de/key_down_reg[311]/Q (HIGH)

 There are 4 register/latch pins with no clock driven by root clock pin: key_de/key_down_reg[312]/Q (HIGH)

 There are 4 register/latch pins with no clock driven by root clock pin: key_de/key_down_reg[313]/Q (HIGH)

 There are 4 register/latch pins with no clock driven by root clock pin: key_de/key_down_reg[314]/Q (HIGH)

 There are 4 register/latch pins with no clock driven by root clock pin: key_de/key_down_reg[315]/Q (HIGH)

 There are 4 register/latch pins with no clock driven by root clock pin: key_de/key_down_reg[316]/Q (HIGH)

 There are 4 register/latch pins with no clock driven by root clock pin: key_de/key_down_reg[317]/Q (HIGH)

 There are 4 register/latch pins with no clock driven by root clock pin: key_de/key_down_reg[318]/Q (HIGH)

 There are 4 register/latch pins with no clock driven by root clock pin: key_de/key_down_reg[319]/Q (HIGH)

 There are 4 register/latch pins with no clock driven by root clock pin: key_de/key_down_reg[31]/Q (HIGH)

 There are 4 register/latch pins with no clock driven by root clock pin: key_de/key_down_reg[320]/Q (HIGH)

 There are 4 register/latch pins with no clock driven by root clock pin: key_de/key_down_reg[321]/Q (HIGH)

 There are 4 register/latch pins with no clock driven by root clock pin: key_de/key_down_reg[322]/Q (HIGH)

 There are 4 register/latch pins with no clock driven by root clock pin: key_de/key_down_reg[323]/Q (HIGH)

 There are 4 register/latch pins with no clock driven by root clock pin: key_de/key_down_reg[324]/Q (HIGH)

 There are 4 register/latch pins with no clock driven by root clock pin: key_de/key_down_reg[325]/Q (HIGH)

 There are 4 register/latch pins with no clock driven by root clock pin: key_de/key_down_reg[326]/Q (HIGH)

 There are 4 register/latch pins with no clock driven by root clock pin: key_de/key_down_reg[327]/Q (HIGH)

 There are 4 register/latch pins with no clock driven by root clock pin: key_de/key_down_reg[328]/Q (HIGH)

 There are 4 register/latch pins with no clock driven by root clock pin: key_de/key_down_reg[329]/Q (HIGH)

 There are 4 register/latch pins with no clock driven by root clock pin: key_de/key_down_reg[32]/Q (HIGH)

 There are 4 register/latch pins with no clock driven by root clock pin: key_de/key_down_reg[330]/Q (HIGH)

 There are 4 register/latch pins with no clock driven by root clock pin: key_de/key_down_reg[331]/Q (HIGH)

 There are 4 register/latch pins with no clock driven by root clock pin: key_de/key_down_reg[332]/Q (HIGH)

 There are 4 register/latch pins with no clock driven by root clock pin: key_de/key_down_reg[333]/Q (HIGH)

 There are 4 register/latch pins with no clock driven by root clock pin: key_de/key_down_reg[334]/Q (HIGH)

 There are 4 register/latch pins with no clock driven by root clock pin: key_de/key_down_reg[335]/Q (HIGH)

 There are 4 register/latch pins with no clock driven by root clock pin: key_de/key_down_reg[336]/Q (HIGH)

 There are 4 register/latch pins with no clock driven by root clock pin: key_de/key_down_reg[337]/Q (HIGH)

 There are 4 register/latch pins with no clock driven by root clock pin: key_de/key_down_reg[338]/Q (HIGH)

 There are 4 register/latch pins with no clock driven by root clock pin: key_de/key_down_reg[339]/Q (HIGH)

 There are 4 register/latch pins with no clock driven by root clock pin: key_de/key_down_reg[33]/Q (HIGH)

 There are 4 register/latch pins with no clock driven by root clock pin: key_de/key_down_reg[340]/Q (HIGH)

 There are 4 register/latch pins with no clock driven by root clock pin: key_de/key_down_reg[341]/Q (HIGH)

 There are 4 register/latch pins with no clock driven by root clock pin: key_de/key_down_reg[342]/Q (HIGH)

 There are 4 register/latch pins with no clock driven by root clock pin: key_de/key_down_reg[343]/Q (HIGH)

 There are 4 register/latch pins with no clock driven by root clock pin: key_de/key_down_reg[344]/Q (HIGH)

 There are 4 register/latch pins with no clock driven by root clock pin: key_de/key_down_reg[345]/Q (HIGH)

 There are 4 register/latch pins with no clock driven by root clock pin: key_de/key_down_reg[346]/Q (HIGH)

 There are 4 register/latch pins with no clock driven by root clock pin: key_de/key_down_reg[347]/Q (HIGH)

 There are 4 register/latch pins with no clock driven by root clock pin: key_de/key_down_reg[348]/Q (HIGH)

 There are 4 register/latch pins with no clock driven by root clock pin: key_de/key_down_reg[349]/Q (HIGH)

 There are 4 register/latch pins with no clock driven by root clock pin: key_de/key_down_reg[34]/Q (HIGH)

 There are 4 register/latch pins with no clock driven by root clock pin: key_de/key_down_reg[350]/Q (HIGH)

 There are 4 register/latch pins with no clock driven by root clock pin: key_de/key_down_reg[351]/Q (HIGH)

 There are 4 register/latch pins with no clock driven by root clock pin: key_de/key_down_reg[352]/Q (HIGH)

 There are 4 register/latch pins with no clock driven by root clock pin: key_de/key_down_reg[353]/Q (HIGH)

 There are 4 register/latch pins with no clock driven by root clock pin: key_de/key_down_reg[354]/Q (HIGH)

 There are 4 register/latch pins with no clock driven by root clock pin: key_de/key_down_reg[355]/Q (HIGH)

 There are 4 register/latch pins with no clock driven by root clock pin: key_de/key_down_reg[356]/Q (HIGH)

 There are 4 register/latch pins with no clock driven by root clock pin: key_de/key_down_reg[357]/Q (HIGH)

 There are 4 register/latch pins with no clock driven by root clock pin: key_de/key_down_reg[358]/Q (HIGH)

 There are 4 register/latch pins with no clock driven by root clock pin: key_de/key_down_reg[359]/Q (HIGH)

 There are 4 register/latch pins with no clock driven by root clock pin: key_de/key_down_reg[35]/Q (HIGH)

 There are 4 register/latch pins with no clock driven by root clock pin: key_de/key_down_reg[360]/Q (HIGH)

 There are 4 register/latch pins with no clock driven by root clock pin: key_de/key_down_reg[361]/Q (HIGH)

 There are 4 register/latch pins with no clock driven by root clock pin: key_de/key_down_reg[362]/Q (HIGH)

 There are 4 register/latch pins with no clock driven by root clock pin: key_de/key_down_reg[363]/Q (HIGH)

 There are 4 register/latch pins with no clock driven by root clock pin: key_de/key_down_reg[364]/Q (HIGH)

 There are 4 register/latch pins with no clock driven by root clock pin: key_de/key_down_reg[365]/Q (HIGH)

 There are 4 register/latch pins with no clock driven by root clock pin: key_de/key_down_reg[366]/Q (HIGH)

 There are 4 register/latch pins with no clock driven by root clock pin: key_de/key_down_reg[367]/Q (HIGH)

 There are 4 register/latch pins with no clock driven by root clock pin: key_de/key_down_reg[368]/Q (HIGH)

 There are 4 register/latch pins with no clock driven by root clock pin: key_de/key_down_reg[369]/Q (HIGH)

 There are 4 register/latch pins with no clock driven by root clock pin: key_de/key_down_reg[36]/Q (HIGH)

 There are 4 register/latch pins with no clock driven by root clock pin: key_de/key_down_reg[370]/Q (HIGH)

 There are 4 register/latch pins with no clock driven by root clock pin: key_de/key_down_reg[371]/Q (HIGH)

 There are 4 register/latch pins with no clock driven by root clock pin: key_de/key_down_reg[372]/Q (HIGH)

 There are 4 register/latch pins with no clock driven by root clock pin: key_de/key_down_reg[373]/Q (HIGH)

 There are 4 register/latch pins with no clock driven by root clock pin: key_de/key_down_reg[374]/Q (HIGH)

 There are 4 register/latch pins with no clock driven by root clock pin: key_de/key_down_reg[375]/Q (HIGH)

 There are 4 register/latch pins with no clock driven by root clock pin: key_de/key_down_reg[376]/Q (HIGH)

 There are 4 register/latch pins with no clock driven by root clock pin: key_de/key_down_reg[377]/Q (HIGH)

 There are 4 register/latch pins with no clock driven by root clock pin: key_de/key_down_reg[378]/Q (HIGH)

 There are 4 register/latch pins with no clock driven by root clock pin: key_de/key_down_reg[379]/Q (HIGH)

 There are 4 register/latch pins with no clock driven by root clock pin: key_de/key_down_reg[37]/Q (HIGH)

 There are 4 register/latch pins with no clock driven by root clock pin: key_de/key_down_reg[380]/Q (HIGH)

 There are 4 register/latch pins with no clock driven by root clock pin: key_de/key_down_reg[381]/Q (HIGH)

 There are 4 register/latch pins with no clock driven by root clock pin: key_de/key_down_reg[382]/Q (HIGH)

 There are 4 register/latch pins with no clock driven by root clock pin: key_de/key_down_reg[383]/Q (HIGH)

 There are 4 register/latch pins with no clock driven by root clock pin: key_de/key_down_reg[384]/Q (HIGH)

 There are 4 register/latch pins with no clock driven by root clock pin: key_de/key_down_reg[385]/Q (HIGH)

 There are 4 register/latch pins with no clock driven by root clock pin: key_de/key_down_reg[386]/Q (HIGH)

 There are 4 register/latch pins with no clock driven by root clock pin: key_de/key_down_reg[387]/Q (HIGH)

 There are 4 register/latch pins with no clock driven by root clock pin: key_de/key_down_reg[388]/Q (HIGH)

 There are 4 register/latch pins with no clock driven by root clock pin: key_de/key_down_reg[389]/Q (HIGH)

 There are 4 register/latch pins with no clock driven by root clock pin: key_de/key_down_reg[38]/Q (HIGH)

 There are 4 register/latch pins with no clock driven by root clock pin: key_de/key_down_reg[390]/Q (HIGH)

 There are 4 register/latch pins with no clock driven by root clock pin: key_de/key_down_reg[391]/Q (HIGH)

 There are 4 register/latch pins with no clock driven by root clock pin: key_de/key_down_reg[392]/Q (HIGH)

 There are 4 register/latch pins with no clock driven by root clock pin: key_de/key_down_reg[393]/Q (HIGH)

 There are 4 register/latch pins with no clock driven by root clock pin: key_de/key_down_reg[394]/Q (HIGH)

 There are 4 register/latch pins with no clock driven by root clock pin: key_de/key_down_reg[395]/Q (HIGH)

 There are 4 register/latch pins with no clock driven by root clock pin: key_de/key_down_reg[396]/Q (HIGH)

 There are 4 register/latch pins with no clock driven by root clock pin: key_de/key_down_reg[397]/Q (HIGH)

 There are 4 register/latch pins with no clock driven by root clock pin: key_de/key_down_reg[398]/Q (HIGH)

 There are 4 register/latch pins with no clock driven by root clock pin: key_de/key_down_reg[399]/Q (HIGH)

 There are 4 register/latch pins with no clock driven by root clock pin: key_de/key_down_reg[39]/Q (HIGH)

 There are 4 register/latch pins with no clock driven by root clock pin: key_de/key_down_reg[3]/Q (HIGH)

 There are 4 register/latch pins with no clock driven by root clock pin: key_de/key_down_reg[400]/Q (HIGH)

 There are 4 register/latch pins with no clock driven by root clock pin: key_de/key_down_reg[401]/Q (HIGH)

 There are 4 register/latch pins with no clock driven by root clock pin: key_de/key_down_reg[402]/Q (HIGH)

 There are 4 register/latch pins with no clock driven by root clock pin: key_de/key_down_reg[403]/Q (HIGH)

 There are 4 register/latch pins with no clock driven by root clock pin: key_de/key_down_reg[404]/Q (HIGH)

 There are 4 register/latch pins with no clock driven by root clock pin: key_de/key_down_reg[405]/Q (HIGH)

 There are 4 register/latch pins with no clock driven by root clock pin: key_de/key_down_reg[406]/Q (HIGH)

 There are 4 register/latch pins with no clock driven by root clock pin: key_de/key_down_reg[407]/Q (HIGH)

 There are 4 register/latch pins with no clock driven by root clock pin: key_de/key_down_reg[408]/Q (HIGH)

 There are 4 register/latch pins with no clock driven by root clock pin: key_de/key_down_reg[409]/Q (HIGH)

 There are 4 register/latch pins with no clock driven by root clock pin: key_de/key_down_reg[40]/Q (HIGH)

 There are 4 register/latch pins with no clock driven by root clock pin: key_de/key_down_reg[410]/Q (HIGH)

 There are 4 register/latch pins with no clock driven by root clock pin: key_de/key_down_reg[411]/Q (HIGH)

 There are 4 register/latch pins with no clock driven by root clock pin: key_de/key_down_reg[412]/Q (HIGH)

 There are 4 register/latch pins with no clock driven by root clock pin: key_de/key_down_reg[413]/Q (HIGH)

 There are 4 register/latch pins with no clock driven by root clock pin: key_de/key_down_reg[414]/Q (HIGH)

 There are 4 register/latch pins with no clock driven by root clock pin: key_de/key_down_reg[415]/Q (HIGH)

 There are 4 register/latch pins with no clock driven by root clock pin: key_de/key_down_reg[416]/Q (HIGH)

 There are 4 register/latch pins with no clock driven by root clock pin: key_de/key_down_reg[417]/Q (HIGH)

 There are 4 register/latch pins with no clock driven by root clock pin: key_de/key_down_reg[418]/Q (HIGH)

 There are 4 register/latch pins with no clock driven by root clock pin: key_de/key_down_reg[419]/Q (HIGH)

 There are 4 register/latch pins with no clock driven by root clock pin: key_de/key_down_reg[41]/Q (HIGH)

 There are 4 register/latch pins with no clock driven by root clock pin: key_de/key_down_reg[420]/Q (HIGH)

 There are 4 register/latch pins with no clock driven by root clock pin: key_de/key_down_reg[421]/Q (HIGH)

 There are 4 register/latch pins with no clock driven by root clock pin: key_de/key_down_reg[422]/Q (HIGH)

 There are 4 register/latch pins with no clock driven by root clock pin: key_de/key_down_reg[423]/Q (HIGH)

 There are 4 register/latch pins with no clock driven by root clock pin: key_de/key_down_reg[424]/Q (HIGH)

 There are 4 register/latch pins with no clock driven by root clock pin: key_de/key_down_reg[425]/Q (HIGH)

 There are 4 register/latch pins with no clock driven by root clock pin: key_de/key_down_reg[426]/Q (HIGH)

 There are 4 register/latch pins with no clock driven by root clock pin: key_de/key_down_reg[427]/Q (HIGH)

 There are 4 register/latch pins with no clock driven by root clock pin: key_de/key_down_reg[428]/Q (HIGH)

 There are 4 register/latch pins with no clock driven by root clock pin: key_de/key_down_reg[429]/Q (HIGH)

 There are 4 register/latch pins with no clock driven by root clock pin: key_de/key_down_reg[42]/Q (HIGH)

 There are 4 register/latch pins with no clock driven by root clock pin: key_de/key_down_reg[430]/Q (HIGH)

 There are 4 register/latch pins with no clock driven by root clock pin: key_de/key_down_reg[431]/Q (HIGH)

 There are 4 register/latch pins with no clock driven by root clock pin: key_de/key_down_reg[432]/Q (HIGH)

 There are 4 register/latch pins with no clock driven by root clock pin: key_de/key_down_reg[433]/Q (HIGH)

 There are 4 register/latch pins with no clock driven by root clock pin: key_de/key_down_reg[434]/Q (HIGH)

 There are 4 register/latch pins with no clock driven by root clock pin: key_de/key_down_reg[435]/Q (HIGH)

 There are 4 register/latch pins with no clock driven by root clock pin: key_de/key_down_reg[436]/Q (HIGH)

 There are 4 register/latch pins with no clock driven by root clock pin: key_de/key_down_reg[437]/Q (HIGH)

 There are 4 register/latch pins with no clock driven by root clock pin: key_de/key_down_reg[438]/Q (HIGH)

 There are 4 register/latch pins with no clock driven by root clock pin: key_de/key_down_reg[439]/Q (HIGH)

 There are 4 register/latch pins with no clock driven by root clock pin: key_de/key_down_reg[43]/Q (HIGH)

 There are 4 register/latch pins with no clock driven by root clock pin: key_de/key_down_reg[440]/Q (HIGH)

 There are 4 register/latch pins with no clock driven by root clock pin: key_de/key_down_reg[441]/Q (HIGH)

 There are 4 register/latch pins with no clock driven by root clock pin: key_de/key_down_reg[442]/Q (HIGH)

 There are 4 register/latch pins with no clock driven by root clock pin: key_de/key_down_reg[443]/Q (HIGH)

 There are 4 register/latch pins with no clock driven by root clock pin: key_de/key_down_reg[444]/Q (HIGH)

 There are 4 register/latch pins with no clock driven by root clock pin: key_de/key_down_reg[445]/Q (HIGH)

 There are 4 register/latch pins with no clock driven by root clock pin: key_de/key_down_reg[446]/Q (HIGH)

 There are 4 register/latch pins with no clock driven by root clock pin: key_de/key_down_reg[447]/Q (HIGH)

 There are 4 register/latch pins with no clock driven by root clock pin: key_de/key_down_reg[448]/Q (HIGH)

 There are 4 register/latch pins with no clock driven by root clock pin: key_de/key_down_reg[449]/Q (HIGH)

 There are 4 register/latch pins with no clock driven by root clock pin: key_de/key_down_reg[44]/Q (HIGH)

 There are 4 register/latch pins with no clock driven by root clock pin: key_de/key_down_reg[450]/Q (HIGH)

 There are 4 register/latch pins with no clock driven by root clock pin: key_de/key_down_reg[451]/Q (HIGH)

 There are 4 register/latch pins with no clock driven by root clock pin: key_de/key_down_reg[452]/Q (HIGH)

 There are 4 register/latch pins with no clock driven by root clock pin: key_de/key_down_reg[453]/Q (HIGH)

 There are 4 register/latch pins with no clock driven by root clock pin: key_de/key_down_reg[454]/Q (HIGH)

 There are 4 register/latch pins with no clock driven by root clock pin: key_de/key_down_reg[455]/Q (HIGH)

 There are 4 register/latch pins with no clock driven by root clock pin: key_de/key_down_reg[456]/Q (HIGH)

 There are 4 register/latch pins with no clock driven by root clock pin: key_de/key_down_reg[457]/Q (HIGH)

 There are 4 register/latch pins with no clock driven by root clock pin: key_de/key_down_reg[458]/Q (HIGH)

 There are 4 register/latch pins with no clock driven by root clock pin: key_de/key_down_reg[459]/Q (HIGH)

 There are 4 register/latch pins with no clock driven by root clock pin: key_de/key_down_reg[45]/Q (HIGH)

 There are 4 register/latch pins with no clock driven by root clock pin: key_de/key_down_reg[460]/Q (HIGH)

 There are 4 register/latch pins with no clock driven by root clock pin: key_de/key_down_reg[461]/Q (HIGH)

 There are 4 register/latch pins with no clock driven by root clock pin: key_de/key_down_reg[462]/Q (HIGH)

 There are 4 register/latch pins with no clock driven by root clock pin: key_de/key_down_reg[463]/Q (HIGH)

 There are 4 register/latch pins with no clock driven by root clock pin: key_de/key_down_reg[464]/Q (HIGH)

 There are 4 register/latch pins with no clock driven by root clock pin: key_de/key_down_reg[465]/Q (HIGH)

 There are 4 register/latch pins with no clock driven by root clock pin: key_de/key_down_reg[466]/Q (HIGH)

 There are 4 register/latch pins with no clock driven by root clock pin: key_de/key_down_reg[467]/Q (HIGH)

 There are 4 register/latch pins with no clock driven by root clock pin: key_de/key_down_reg[468]/Q (HIGH)

 There are 4 register/latch pins with no clock driven by root clock pin: key_de/key_down_reg[469]/Q (HIGH)

 There are 4 register/latch pins with no clock driven by root clock pin: key_de/key_down_reg[46]/Q (HIGH)

 There are 4 register/latch pins with no clock driven by root clock pin: key_de/key_down_reg[470]/Q (HIGH)

 There are 4 register/latch pins with no clock driven by root clock pin: key_de/key_down_reg[471]/Q (HIGH)

 There are 4 register/latch pins with no clock driven by root clock pin: key_de/key_down_reg[472]/Q (HIGH)

 There are 4 register/latch pins with no clock driven by root clock pin: key_de/key_down_reg[473]/Q (HIGH)

 There are 4 register/latch pins with no clock driven by root clock pin: key_de/key_down_reg[474]/Q (HIGH)

 There are 4 register/latch pins with no clock driven by root clock pin: key_de/key_down_reg[475]/Q (HIGH)

 There are 4 register/latch pins with no clock driven by root clock pin: key_de/key_down_reg[476]/Q (HIGH)

 There are 4 register/latch pins with no clock driven by root clock pin: key_de/key_down_reg[477]/Q (HIGH)

 There are 4 register/latch pins with no clock driven by root clock pin: key_de/key_down_reg[478]/Q (HIGH)

 There are 4 register/latch pins with no clock driven by root clock pin: key_de/key_down_reg[479]/Q (HIGH)

 There are 4 register/latch pins with no clock driven by root clock pin: key_de/key_down_reg[47]/Q (HIGH)

 There are 4 register/latch pins with no clock driven by root clock pin: key_de/key_down_reg[480]/Q (HIGH)

 There are 4 register/latch pins with no clock driven by root clock pin: key_de/key_down_reg[481]/Q (HIGH)

 There are 4 register/latch pins with no clock driven by root clock pin: key_de/key_down_reg[482]/Q (HIGH)

 There are 4 register/latch pins with no clock driven by root clock pin: key_de/key_down_reg[483]/Q (HIGH)

 There are 4 register/latch pins with no clock driven by root clock pin: key_de/key_down_reg[484]/Q (HIGH)

 There are 4 register/latch pins with no clock driven by root clock pin: key_de/key_down_reg[485]/Q (HIGH)

 There are 4 register/latch pins with no clock driven by root clock pin: key_de/key_down_reg[486]/Q (HIGH)

 There are 4 register/latch pins with no clock driven by root clock pin: key_de/key_down_reg[487]/Q (HIGH)

 There are 4 register/latch pins with no clock driven by root clock pin: key_de/key_down_reg[488]/Q (HIGH)

 There are 4 register/latch pins with no clock driven by root clock pin: key_de/key_down_reg[489]/Q (HIGH)

 There are 4 register/latch pins with no clock driven by root clock pin: key_de/key_down_reg[48]/Q (HIGH)

 There are 4 register/latch pins with no clock driven by root clock pin: key_de/key_down_reg[490]/Q (HIGH)

 There are 4 register/latch pins with no clock driven by root clock pin: key_de/key_down_reg[491]/Q (HIGH)

 There are 4 register/latch pins with no clock driven by root clock pin: key_de/key_down_reg[492]/Q (HIGH)

 There are 4 register/latch pins with no clock driven by root clock pin: key_de/key_down_reg[493]/Q (HIGH)

 There are 4 register/latch pins with no clock driven by root clock pin: key_de/key_down_reg[494]/Q (HIGH)

 There are 4 register/latch pins with no clock driven by root clock pin: key_de/key_down_reg[495]/Q (HIGH)

 There are 4 register/latch pins with no clock driven by root clock pin: key_de/key_down_reg[496]/Q (HIGH)

 There are 4 register/latch pins with no clock driven by root clock pin: key_de/key_down_reg[497]/Q (HIGH)

 There are 4 register/latch pins with no clock driven by root clock pin: key_de/key_down_reg[498]/Q (HIGH)

 There are 4 register/latch pins with no clock driven by root clock pin: key_de/key_down_reg[499]/Q (HIGH)

 There are 4 register/latch pins with no clock driven by root clock pin: key_de/key_down_reg[49]/Q (HIGH)

 There are 4 register/latch pins with no clock driven by root clock pin: key_de/key_down_reg[4]/Q (HIGH)

 There are 4 register/latch pins with no clock driven by root clock pin: key_de/key_down_reg[500]/Q (HIGH)

 There are 4 register/latch pins with no clock driven by root clock pin: key_de/key_down_reg[501]/Q (HIGH)

 There are 4 register/latch pins with no clock driven by root clock pin: key_de/key_down_reg[502]/Q (HIGH)

 There are 4 register/latch pins with no clock driven by root clock pin: key_de/key_down_reg[503]/Q (HIGH)

 There are 4 register/latch pins with no clock driven by root clock pin: key_de/key_down_reg[504]/Q (HIGH)

 There are 4 register/latch pins with no clock driven by root clock pin: key_de/key_down_reg[505]/Q (HIGH)

 There are 4 register/latch pins with no clock driven by root clock pin: key_de/key_down_reg[506]/Q (HIGH)

 There are 4 register/latch pins with no clock driven by root clock pin: key_de/key_down_reg[507]/Q (HIGH)

 There are 4 register/latch pins with no clock driven by root clock pin: key_de/key_down_reg[508]/Q (HIGH)

 There are 4 register/latch pins with no clock driven by root clock pin: key_de/key_down_reg[509]/Q (HIGH)

 There are 4 register/latch pins with no clock driven by root clock pin: key_de/key_down_reg[50]/Q (HIGH)

 There are 4 register/latch pins with no clock driven by root clock pin: key_de/key_down_reg[510]/Q (HIGH)

 There are 4 register/latch pins with no clock driven by root clock pin: key_de/key_down_reg[511]/Q (HIGH)

 There are 4 register/latch pins with no clock driven by root clock pin: key_de/key_down_reg[51]/Q (HIGH)

 There are 4 register/latch pins with no clock driven by root clock pin: key_de/key_down_reg[52]/Q (HIGH)

 There are 4 register/latch pins with no clock driven by root clock pin: key_de/key_down_reg[53]/Q (HIGH)

 There are 4 register/latch pins with no clock driven by root clock pin: key_de/key_down_reg[54]/Q (HIGH)

 There are 4 register/latch pins with no clock driven by root clock pin: key_de/key_down_reg[55]/Q (HIGH)

 There are 4 register/latch pins with no clock driven by root clock pin: key_de/key_down_reg[56]/Q (HIGH)

 There are 4 register/latch pins with no clock driven by root clock pin: key_de/key_down_reg[57]/Q (HIGH)

 There are 4 register/latch pins with no clock driven by root clock pin: key_de/key_down_reg[58]/Q (HIGH)

 There are 4 register/latch pins with no clock driven by root clock pin: key_de/key_down_reg[59]/Q (HIGH)

 There are 4 register/latch pins with no clock driven by root clock pin: key_de/key_down_reg[5]/Q (HIGH)

 There are 4 register/latch pins with no clock driven by root clock pin: key_de/key_down_reg[60]/Q (HIGH)

 There are 4 register/latch pins with no clock driven by root clock pin: key_de/key_down_reg[61]/Q (HIGH)

 There are 4 register/latch pins with no clock driven by root clock pin: key_de/key_down_reg[62]/Q (HIGH)

 There are 4 register/latch pins with no clock driven by root clock pin: key_de/key_down_reg[63]/Q (HIGH)

 There are 4 register/latch pins with no clock driven by root clock pin: key_de/key_down_reg[64]/Q (HIGH)

 There are 4 register/latch pins with no clock driven by root clock pin: key_de/key_down_reg[65]/Q (HIGH)

 There are 4 register/latch pins with no clock driven by root clock pin: key_de/key_down_reg[66]/Q (HIGH)

 There are 4 register/latch pins with no clock driven by root clock pin: key_de/key_down_reg[67]/Q (HIGH)

 There are 4 register/latch pins with no clock driven by root clock pin: key_de/key_down_reg[68]/Q (HIGH)

 There are 4 register/latch pins with no clock driven by root clock pin: key_de/key_down_reg[69]/Q (HIGH)

 There are 4 register/latch pins with no clock driven by root clock pin: key_de/key_down_reg[6]/Q (HIGH)

 There are 4 register/latch pins with no clock driven by root clock pin: key_de/key_down_reg[70]/Q (HIGH)

 There are 4 register/latch pins with no clock driven by root clock pin: key_de/key_down_reg[71]/Q (HIGH)

 There are 4 register/latch pins with no clock driven by root clock pin: key_de/key_down_reg[72]/Q (HIGH)

 There are 4 register/latch pins with no clock driven by root clock pin: key_de/key_down_reg[73]/Q (HIGH)

 There are 4 register/latch pins with no clock driven by root clock pin: key_de/key_down_reg[74]/Q (HIGH)

 There are 4 register/latch pins with no clock driven by root clock pin: key_de/key_down_reg[75]/Q (HIGH)

 There are 4 register/latch pins with no clock driven by root clock pin: key_de/key_down_reg[76]/Q (HIGH)

 There are 4 register/latch pins with no clock driven by root clock pin: key_de/key_down_reg[77]/Q (HIGH)

 There are 4 register/latch pins with no clock driven by root clock pin: key_de/key_down_reg[78]/Q (HIGH)

 There are 4 register/latch pins with no clock driven by root clock pin: key_de/key_down_reg[79]/Q (HIGH)

 There are 4 register/latch pins with no clock driven by root clock pin: key_de/key_down_reg[7]/Q (HIGH)

 There are 4 register/latch pins with no clock driven by root clock pin: key_de/key_down_reg[80]/Q (HIGH)

 There are 4 register/latch pins with no clock driven by root clock pin: key_de/key_down_reg[81]/Q (HIGH)

 There are 4 register/latch pins with no clock driven by root clock pin: key_de/key_down_reg[82]/Q (HIGH)

 There are 4 register/latch pins with no clock driven by root clock pin: key_de/key_down_reg[83]/Q (HIGH)

 There are 4 register/latch pins with no clock driven by root clock pin: key_de/key_down_reg[84]/Q (HIGH)

 There are 4 register/latch pins with no clock driven by root clock pin: key_de/key_down_reg[85]/Q (HIGH)

 There are 4 register/latch pins with no clock driven by root clock pin: key_de/key_down_reg[86]/Q (HIGH)

 There are 4 register/latch pins with no clock driven by root clock pin: key_de/key_down_reg[87]/Q (HIGH)

 There are 4 register/latch pins with no clock driven by root clock pin: key_de/key_down_reg[88]/Q (HIGH)

 There are 4 register/latch pins with no clock driven by root clock pin: key_de/key_down_reg[89]/Q (HIGH)

 There are 4 register/latch pins with no clock driven by root clock pin: key_de/key_down_reg[8]/Q (HIGH)

 There are 4 register/latch pins with no clock driven by root clock pin: key_de/key_down_reg[90]/Q (HIGH)

 There are 4 register/latch pins with no clock driven by root clock pin: key_de/key_down_reg[91]/Q (HIGH)

 There are 4 register/latch pins with no clock driven by root clock pin: key_de/key_down_reg[92]/Q (HIGH)

 There are 4 register/latch pins with no clock driven by root clock pin: key_de/key_down_reg[93]/Q (HIGH)

 There are 4 register/latch pins with no clock driven by root clock pin: key_de/key_down_reg[94]/Q (HIGH)

 There are 4 register/latch pins with no clock driven by root clock pin: key_de/key_down_reg[95]/Q (HIGH)

 There are 4 register/latch pins with no clock driven by root clock pin: key_de/key_down_reg[96]/Q (HIGH)

 There are 4 register/latch pins with no clock driven by root clock pin: key_de/key_down_reg[97]/Q (HIGH)

 There are 4 register/latch pins with no clock driven by root clock pin: key_de/key_down_reg[98]/Q (HIGH)

 There are 4 register/latch pins with no clock driven by root clock pin: key_de/key_down_reg[99]/Q (HIGH)

 There are 4 register/latch pins with no clock driven by root clock pin: key_de/key_down_reg[9]/Q (HIGH)

 There are 4 register/latch pins with no clock driven by root clock pin: key_de/key_reg[0]/Q (HIGH)

 There are 4 register/latch pins with no clock driven by root clock pin: key_de/key_reg[1]/Q (HIGH)

 There are 4 register/latch pins with no clock driven by root clock pin: key_de/key_reg[2]/Q (HIGH)

 There are 4 register/latch pins with no clock driven by root clock pin: key_de/key_reg[3]/Q (HIGH)

 There are 4 register/latch pins with no clock driven by root clock pin: key_de/key_reg[4]/Q (HIGH)

 There are 4 register/latch pins with no clock driven by root clock pin: key_de/key_reg[5]/Q (HIGH)

 There are 4 register/latch pins with no clock driven by root clock pin: key_de/key_reg[6]/Q (HIGH)

 There are 4 register/latch pins with no clock driven by root clock pin: key_de/key_reg[7]/Q (HIGH)

 There are 4 register/latch pins with no clock driven by root clock pin: key_de/key_reg[9]/Q (HIGH)

 There are 4 register/latch pins with no clock driven by root clock pin: key_de/key_valid_reg/Q (HIGH)

 There are 6 register/latch pins with no clock driven by root clock pin: seven_seg/clk_divider_reg[15]/Q (HIGH)


2. checking constant_clock (0)
------------------------------
 There are 0 register/latch pins with constant_clock.


3. checking pulse_width_clock (0)
---------------------------------
 There are 0 register/latch pins which need pulse_width check


4. checking unconstrained_internal_endpoints (2019)
---------------------------------------------------
 There are 2019 pins that are not constrained for maximum delay. (HIGH)

 There are 0 pins that are not constrained for maximum delay due to constant clock.


5. checking no_input_delay (7)
------------------------------
 There are 7 input ports with no input delay specified. (HIGH)

 There are 0 input ports with no input delay but user has a false path constraint.


6. checking no_output_delay (19)
--------------------------------
 There are 19 ports with no output delay specified. (HIGH)

 There are 0 ports with no output delay but user has a false path constraint

 There are 0 ports with no output delay but with a timing clock defined on it or propagating through it


7. checking multiple_clock (0)
------------------------------
 There are 0 register/latch pins with multiple clocks.


8. checking generated_clocks (0)
--------------------------------
 There are 0 generated clocks that are not connected to a clock source.


9. checking loops (0)
---------------------
 There are 0 combinational loops in the design.


10. checking partial_input_delay (0)
------------------------------------
 There are 0 input ports with partial input delay specified.


11. checking partial_output_delay (0)
-------------------------------------
 There are 0 ports with partial output delay specified.


12. checking latch_loops (0)
----------------------------
 There are 0 combinational latch loops in the design through latch input



------------------------------------------------------------------------------------------------
| Design Timing Summary
| ---------------------
------------------------------------------------------------------------------------------------

    WNS(ns)      TNS(ns)  TNS Failing Endpoints  TNS Total Endpoints      WHS(ns)      THS(ns)  THS Failing Endpoints  THS Total Endpoints     WPWS(ns)     TPWS(ns)  TPWS Failing Endpoints  TPWS Total Endpoints  
    -------      -------  ---------------------  -------------------      -------      -------  ---------------------  -------------------     --------     --------  ----------------------  --------------------  
         NA           NA                     NA                   NA           NA           NA                     NA                   NA           NA           NA                      NA                    NA  


There are no user specified timing constraints.


------------------------------------------------------------------------------------------------
| Clock Summary
| -------------
------------------------------------------------------------------------------------------------


------------------------------------------------------------------------------------------------
| Intra Clock Table
| -----------------
------------------------------------------------------------------------------------------------

Clock             WNS(ns)      TNS(ns)  TNS Failing Endpoints  TNS Total Endpoints      WHS(ns)      THS(ns)  THS Failing Endpoints  THS Total Endpoints     WPWS(ns)     TPWS(ns)  TPWS Failing Endpoints  TPWS Total Endpoints  
-----             -------      -------  ---------------------  -------------------      -------      -------  ---------------------  -------------------     --------     --------  ----------------------  --------------------  


------------------------------------------------------------------------------------------------
| Inter Clock Table
| -----------------
------------------------------------------------------------------------------------------------

From Clock    To Clock          WNS(ns)      TNS(ns)  TNS Failing Endpoints  TNS Total Endpoints      WHS(ns)      THS(ns)  THS Failing Endpoints  THS Total Endpoints  
----------    --------          -------      -------  ---------------------  -------------------      -------      -------  ---------------------  -------------------  


------------------------------------------------------------------------------------------------
| Other Path Groups Table
| -----------------------
------------------------------------------------------------------------------------------------

Path Group    From Clock    To Clock          WNS(ns)      TNS(ns)  TNS Failing Endpoints  TNS Total Endpoints      WHS(ns)      THS(ns)  THS Failing Endpoints  THS Total Endpoints  
----------    ----------    --------          -------      -------  ---------------------  -------------------      -------      -------  ---------------------  -------------------  


------------------------------------------------------------------------------------------------
| Timing Details
| --------------
------------------------------------------------------------------------------------------------


