#-----------------------------------------------------------
# Vivado v2020.1.1 (64-bit)
# SW Build 2960000 on Wed Aug  5 22:57:20 MDT 2020
# IP Build 2956692 on Thu Aug  6 01:41:30 MDT 2020
# Start of session at: Tue Oct 20 16:18:57 2020
# Process ID: 20508
# Current directory: D:/Computer_Programming/Logic_Designer/LogicDesignLAB/lab3/Lab3_AQ1
# Command line: vivado.exe -gui_launcher_event rodinguilauncherevent11568 D:\Computer_Programming\Logic_Designer\LogicDesignLAB\lab3\Lab3_AQ1\Lab3_AQ1.xpr
# Log file: D:/Computer_Programming/Logic_Designer/LogicDesignLAB/lab3/Lab3_AQ1/vivado.log
# Journal file: D:/Computer_Programming/Logic_Designer/LogicDesignLAB/lab3/Lab3_AQ1\vivado.jou
#-----------------------------------------------------------
start_gui
open_project D:/Computer_Programming/Logic_Designer/LogicDesignLAB/lab3/Lab3_AQ1/Lab3_AQ1.xpr
Scanning sources...
Finished scanning sources
INFO: [IP_Flow 19-234] Refreshing IP repositories
INFO: [IP_Flow 19-1704] No user IP repositories specified
INFO: [IP_Flow 19-2313] Loaded Vivado IP repository 'D:/Program_Files/Xilinx/Vivado/2020.1/data/ip'.
open_project: Time (s): cpu = 00:00:27 ; elapsed = 00:00:10 . Memory (MB): peak = 1031.160 ; gain = 0.000
update_compile_order -fileset sources_1
launch_simulation
Command: launch_simulation 
INFO: [Vivado 12-5682] Launching behavioral simulation in 'D:/Computer_Programming/Logic_Designer/LogicDesignLAB/lab3/Lab3_AQ1/Lab3_AQ1.sim/sim_1/behav/xsim'
INFO: [SIM-utils-51] Simulation object is 'sim_1'
INFO: [SIM-utils-54] Inspecting design source files for 'Lab3_AQ1_LSFR_tb' in fileset 'sim_1'...
INFO: [USF-XSim-97] Finding global include files...
INFO: [USF-XSim-98] Fetching design files from 'sim_1'...
INFO: [USF-XSim-2] XSim::Compile design
INFO: [USF-XSim-61] Executing 'COMPILE and ANALYZE' step in 'D:/Computer_Programming/Logic_Designer/LogicDesignLAB/lab3/Lab3_AQ1/Lab3_AQ1.sim/sim_1/behav/xsim'
"xvlog --incr --relax -prj Lab3_AQ1_LSFR_tb_vlog.prj"
INFO: [VRFC 10-2263] Analyzing Verilog file "D:/Computer_Programming/Logic_Designer/LogicDesignLAB/lab3/Lab3_AQ1/Lab3_AQ1.srcs/sources_1/imports/Ad_Sources/Lab3_TeamX_LFSR.v" into library xil_defaultlib
INFO: [VRFC 10-311] analyzing module LFSR
INFO: [VRFC 10-311] analyzing module LFSR_lookinside
INFO: [VRFC 10-2263] Analyzing Verilog file "D:/Computer_Programming/Logic_Designer/LogicDesignLAB/lab3/Lab3_AQ1/Lab3_AQ1.srcs/sources_1/new/Lab3_AQ1_LSFR_tb.v" into library xil_defaultlib
INFO: [VRFC 10-311] analyzing module Lab3_AQ1_LSFR_tb
INFO: [USF-XSim-69] 'compile' step finished in '3' seconds
INFO: [USF-XSim-3] XSim::Elaborate design
INFO: [USF-XSim-61] Executing 'ELABORATE' step in 'D:/Computer_Programming/Logic_Designer/LogicDesignLAB/lab3/Lab3_AQ1/Lab3_AQ1.sim/sim_1/behav/xsim'
"xelab -wto b52b65805d7e4f5da3fad9cac4e0dbe7 --incr --debug typical --relax --mt 2 -L xil_defaultlib -L unisims_ver -L unimacro_ver -L secureip --snapshot Lab3_AQ1_LSFR_tb_behav xil_defaultlib.Lab3_AQ1_LSFR_tb xil_defaultlib.glbl -log elaborate.log"
Vivado Simulator 2020.1.1
Copyright 1986-1999, 2001-2020 Xilinx, Inc. All Rights Reserved.
Running: D:/Program_Files/Xilinx/Vivado/2020.1/bin/unwrapped/win64.o/xelab.exe -wto b52b65805d7e4f5da3fad9cac4e0dbe7 --incr --debug typical --relax --mt 2 -L xil_defaultlib -L unisims_ver -L unimacro_ver -L secureip --snapshot Lab3_AQ1_LSFR_tb_behav xil_defaultlib.Lab3_AQ1_LSFR_tb xil_defaultlib.glbl -log elaborate.log 
Using 2 slave threads.
Starting static elaboration
Pass Through NonSizing Optimizer
Completed static elaboration
Starting simulation data flow analysis
Completed simulation data flow analysis
Time Resolution for simulation is 1ps
Compiling module xil_defaultlib.LFSR_lookinside
Compiling module xil_defaultlib.Lab3_AQ1_LSFR_tb
Compiling module xil_defaultlib.glbl
Built simulation snapshot Lab3_AQ1_LSFR_tb_behav

****** Webtalk v2020.1.1 (64-bit)
  **** SW Build 2960000 on Wed Aug  5 22:57:20 MDT 2020
  **** IP Build 2956692 on Thu Aug  6 01:41:30 MDT 2020
    ** Copyright 1986-2020 Xilinx, Inc. All Rights Reserved.

source D:/Computer_Programming/Logic_Designer/LogicDesignLAB/lab3/Lab3_AQ1/Lab3_AQ1.sim/sim_1/behav/xsim/xsim.dir/Lab3_AQ1_LSFR_tb_behav/webtalk/xsim_webtalk.tcl -notrace
INFO: [Common 17-186] 'D:/Computer_Programming/Logic_Designer/LogicDesignLAB/lab3/Lab3_AQ1/Lab3_AQ1.sim/sim_1/behav/xsim/xsim.dir/Lab3_AQ1_LSFR_tb_behav/webtalk/usage_statistics_ext_xsim.xml' has been successfully sent to Xilinx on Tue Oct 20 16:21:13 2020. For additional details about this file, please refer to the WebTalk help file at D:/Program_Files/Xilinx/Vivado/2020.1/doc/webtalk_introduction.html.
webtalk_transmit: Time (s): cpu = 00:00:00 ; elapsed = 00:00:06 . Memory (MB): peak = 113.762 ; gain = 17.605
INFO: [Common 17-206] Exiting Webtalk at Tue Oct 20 16:21:13 2020...
run_program: Time (s): cpu = 00:00:02 ; elapsed = 00:00:17 . Memory (MB): peak = 1031.160 ; gain = 0.000
INFO: [USF-XSim-69] 'elaborate' step finished in '17' seconds
INFO: [USF-XSim-4] XSim::Simulate design
INFO: [USF-XSim-61] Executing 'SIMULATE' step in 'D:/Computer_Programming/Logic_Designer/LogicDesignLAB/lab3/Lab3_AQ1/Lab3_AQ1.sim/sim_1/behav/xsim'
INFO: [USF-XSim-98] *** Running xsim
   with args "Lab3_AQ1_LSFR_tb_behav -key {Behavioral:sim_1:Functional:Lab3_AQ1_LSFR_tb} -tclbatch {Lab3_AQ1_LSFR_tb.tcl} -log {simulate.log}"
INFO: [USF-XSim-8] Loading simulator feature
Vivado Simulator 2020.1.1
Time resolution is 1 ps
source Lab3_AQ1_LSFR_tb.tcl
# set curr_wave [current_wave_config]
# if { [string length $curr_wave] == 0 } {
#   if { [llength [get_objects]] > 0} {
#     add_wave /
#     set_property needs_save false [current_wave_config]
#   } else {
#      send_msg_id Add_Wave-1 WARNING "No top level signals found. Simulator will start without a wave window. If you want to open a wave window go to 'File->New Waveform Configuration' or type 'create_wave_config' in the TCL console."
#   }
# }
# run 1000ns
$finish called at time : 702 ns : File "D:/Computer_Programming/Logic_Designer/LogicDesignLAB/lab3/Lab3_AQ1/Lab3_AQ1.srcs/sources_1/new/Lab3_AQ1_LSFR_tb.v" Line 46
xsim: Time (s): cpu = 00:00:12 ; elapsed = 00:00:07 . Memory (MB): peak = 1031.160 ; gain = 0.000
INFO: [USF-XSim-96] XSim completed. Design snapshot 'Lab3_AQ1_LSFR_tb_behav' loaded.
INFO: [USF-XSim-97] XSim simulation ran for 1000ns
launch_simulation: Time (s): cpu = 00:00:17 ; elapsed = 00:00:29 . Memory (MB): peak = 1031.160 ; gain = 0.000
save_wave_config {D:/Computer_Programming/Logic_Designer/LogicDesignLAB/lab3/Lab3_AQ1/Lab3_AQ1_LSFR_tb_behav.wcfg}
close_sim
INFO: [Simtcl 6-16] Simulation closed
close_sim: Time (s): cpu = 00:00:03 ; elapsed = 00:00:11 . Memory (MB): peak = 1031.160 ; gain = 0.000
exit
INFO: [Common 17-206] Exiting Vivado at Tue Oct 20 16:43:26 2020...
