Vivado Simulator 2020.1.1
Copyright 1986-1999, 2001-2020 Xilinx, Inc. All Rights Reserved.
Running: D:/Program_Files/Xilinx/Vivado/2020.1/bin/unwrapped/win64.o/xelab.exe -wto 60652394c2d34b9c93a5094d61e6400b --incr --debug typical --relax --mt 2 -L xil_defaultlib -L unisims_ver -L unimacro_ver -L secureip --snapshot Lab2_TeamX_Carry_Look_Ahead_t_behav xil_defaultlib.Lab2_TeamX_Carry_Look_Ahead_t xil_defaultlib.glbl -log elaborate.log 
Using 2 slave threads.
Starting static elaboration
Pass Through NonSizing Optimizer
Completed static elaboration
Starting simulation data flow analysis
Completed simulation data flow analysis
Time Resolution for simulation is 1ps
Compiling module xil_defaultlib.AND_by_NAND
Compiling module xil_defaultlib.XOR_by_NAND
Compiling module xil_defaultlib.NOT_by_NAND
Compiling module xil_defaultlib.Look_4bit_Ahead_default
Compiling module xil_defaultlib.XNOR_by_NAND
Compiling module xil_defaultlib.FullAdder
Compiling module xil_defaultlib.Carry_Look_Ahead_Adder_default
Compiling module xil_defaultlib.Lab2_TeamX_Carry_Look_Ahead_t
Compiling module xil_defaultlib.glbl
Built simulation snapshot Lab2_TeamX_Carry_Look_Ahead_t_behav
