
*** Running vivado
    with args -log top.vds -m64 -product Vivado -mode batch -messageDb vivado.pb -notrace -source top.tcl



****** Vivado v2020.1.1 (64-bit)
  **** SW Build 2960000 on Wed Aug  5 22:57:20 MDT 2020
  **** IP Build 2956692 on Thu Aug  6 01:41:30 MDT 2020
    ** Copyright 1986-2020 Xilinx, Inc. All Rights Reserved.

source top.tcl -notrace
Command: synth_design -top top -part xc7a35tcpg236-1
Starting synth_design
Attempting to get a license for feature 'Synthesis' and/or device 'xc7a35t'
INFO: [Common 17-349] Got license for feature 'Synthesis' and/or device 'xc7a35t'
INFO: [Device 21-403] Loading part xc7a35tcpg236-1
INFO: [Synth 8-7079] Multithreading enabled for synth_design using a maximum of 2 processes.
INFO: [Synth 8-7078] Launching helper process for spawning children vivado processes
INFO: [Synth 8-7075] Helper process launched with PID 22368
---------------------------------------------------------------------------------
Starting RTL Elaboration : Time (s): cpu = 00:00:04 ; elapsed = 00:00:04 . Memory (MB): peak = 1030.363 ; gain = 0.000
---------------------------------------------------------------------------------
INFO: [Synth 8-6157] synthesizing module 'top' [D:/Computer_Programming/Logic_Designer/LogicDesignLAB/lab6/VGA_demo2/VGA_demo2.srcs/sources_1/imports/demo2/top.v:1]
INFO: [Synth 8-6157] synthesizing module 'clock_divisor' [D:/Computer_Programming/Logic_Designer/LogicDesignLAB/lab6/VGA_demo2/VGA_demo2.srcs/sources_1/imports/demo2/clock_divisor.v:1]
INFO: [Synth 8-6155] done synthesizing module 'clock_divisor' (1#1) [D:/Computer_Programming/Logic_Designer/LogicDesignLAB/lab6/VGA_demo2/VGA_demo2.srcs/sources_1/imports/demo2/clock_divisor.v:1]
INFO: [Synth 8-6157] synthesizing module 'mem_addr_gen' [D:/Computer_Programming/Logic_Designer/LogicDesignLAB/lab6/VGA_demo2/VGA_demo2.srcs/sources_1/imports/demo2/mem_addr_gen.v:1]
INFO: [Synth 8-6155] done synthesizing module 'mem_addr_gen' (2#1) [D:/Computer_Programming/Logic_Designer/LogicDesignLAB/lab6/VGA_demo2/VGA_demo2.srcs/sources_1/imports/demo2/mem_addr_gen.v:1]
INFO: [Synth 8-6157] synthesizing module 'blk_mem_gen_0' [D:/Computer_Programming/Logic_Designer/LogicDesignLAB/lab6/VGA_demo2/VGA_demo2.runs/synth_1/.Xil/Vivado-20420-LAPTOP-J5R9FCMI/realtime/blk_mem_gen_0_stub.v:6]
INFO: [Synth 8-6155] done synthesizing module 'blk_mem_gen_0' (3#1) [D:/Computer_Programming/Logic_Designer/LogicDesignLAB/lab6/VGA_demo2/VGA_demo2.runs/synth_1/.Xil/Vivado-20420-LAPTOP-J5R9FCMI/realtime/blk_mem_gen_0_stub.v:6]
INFO: [Synth 8-6157] synthesizing module 'vga_controller' [D:/Computer_Programming/Logic_Designer/LogicDesignLAB/lab6/VGA_demo2/VGA_demo2.srcs/sources_1/imports/demo2/vga.v:6]
INFO: [Synth 8-6155] done synthesizing module 'vga_controller' (4#1) [D:/Computer_Programming/Logic_Designer/LogicDesignLAB/lab6/VGA_demo2/VGA_demo2.srcs/sources_1/imports/demo2/vga.v:6]
INFO: [Synth 8-6155] done synthesizing module 'top' (5#1) [D:/Computer_Programming/Logic_Designer/LogicDesignLAB/lab6/VGA_demo2/VGA_demo2.srcs/sources_1/imports/demo2/top.v:1]
---------------------------------------------------------------------------------
Finished RTL Elaboration : Time (s): cpu = 00:00:05 ; elapsed = 00:00:05 . Memory (MB): peak = 1030.363 ; gain = 0.000
---------------------------------------------------------------------------------
---------------------------------------------------------------------------------
Start Handling Custom Attributes
---------------------------------------------------------------------------------
---------------------------------------------------------------------------------
Finished Handling Custom Attributes : Time (s): cpu = 00:00:05 ; elapsed = 00:00:05 . Memory (MB): peak = 1030.363 ; gain = 0.000
---------------------------------------------------------------------------------
---------------------------------------------------------------------------------
Finished RTL Optimization Phase 1 : Time (s): cpu = 00:00:05 ; elapsed = 00:00:05 . Memory (MB): peak = 1030.363 ; gain = 0.000
---------------------------------------------------------------------------------
Netlist sorting complete. Time (s): cpu = 00:00:00 ; elapsed = 00:00:00.003 . Memory (MB): peak = 1030.363 ; gain = 0.000
INFO: [Project 1-570] Preparing netlist for logic optimization

Processing XDC Constraints
Initializing timing engine
Parsing XDC File [d:/Computer_Programming/Logic_Designer/LogicDesignLAB/lab6/VGA_demo2/VGA_demo2.srcs/sources_1/ip/blk_mem_gen_0/blk_mem_gen_0/blk_mem_gen_0_in_context.xdc] for cell 'blk_mem_gen_0_inst'
Finished Parsing XDC File [d:/Computer_Programming/Logic_Designer/LogicDesignLAB/lab6/VGA_demo2/VGA_demo2.srcs/sources_1/ip/blk_mem_gen_0/blk_mem_gen_0/blk_mem_gen_0_in_context.xdc] for cell 'blk_mem_gen_0_inst'
Parsing XDC File [D:/Computer_Programming/Logic_Designer/LogicDesignLAB/lab6/VGA_demo2/VGA_demo2.srcs/constrs_1/imports/demo2/Basys3_Master.xdc]
Finished Parsing XDC File [D:/Computer_Programming/Logic_Designer/LogicDesignLAB/lab6/VGA_demo2/VGA_demo2.srcs/constrs_1/imports/demo2/Basys3_Master.xdc]
INFO: [Project 1-236] Implementation specific constraints were found while reading constraint file [D:/Computer_Programming/Logic_Designer/LogicDesignLAB/lab6/VGA_demo2/VGA_demo2.srcs/constrs_1/imports/demo2/Basys3_Master.xdc]. These constraints will be ignored for synthesis but will be used in implementation. Impacted constraints are listed in the file [.Xil/top_propImpl.xdc].
Resolution: To avoid this warning, move constraints listed in [.Xil/top_propImpl.xdc] to another XDC file and exclude this new file from synthesis with the used_in_synthesis property (File Properties dialog in GUI) and re-run elaboration/synthesis.
Completed Processing XDC Constraints

Netlist sorting complete. Time (s): cpu = 00:00:00 ; elapsed = 00:00:00 . Memory (MB): peak = 1044.066 ; gain = 0.000
INFO: [Project 1-111] Unisim Transformation Summary:
No Unisim elements were transformed.

Constraint Validation Runtime : Time (s): cpu = 00:00:00 ; elapsed = 00:00:00.003 . Memory (MB): peak = 1044.066 ; gain = 0.000
---------------------------------------------------------------------------------
Finished Constraint Validation : Time (s): cpu = 00:00:10 ; elapsed = 00:00:11 . Memory (MB): peak = 1044.066 ; gain = 13.703
---------------------------------------------------------------------------------
---------------------------------------------------------------------------------
Start Loading Part and Timing Information
---------------------------------------------------------------------------------
Loading part: xc7a35tcpg236-1
---------------------------------------------------------------------------------
Finished Loading Part and Timing Information : Time (s): cpu = 00:00:10 ; elapsed = 00:00:11 . Memory (MB): peak = 1044.066 ; gain = 13.703
---------------------------------------------------------------------------------
---------------------------------------------------------------------------------
Start Applying 'set_property' XDC Constraints
---------------------------------------------------------------------------------
Applied set_property DONT_TOUCH = true for blk_mem_gen_0_inst. (constraint file  auto generated constraint, line ).
---------------------------------------------------------------------------------
Finished applying 'set_property' XDC Constraints : Time (s): cpu = 00:00:10 ; elapsed = 00:00:11 . Memory (MB): peak = 1044.066 ; gain = 13.703
---------------------------------------------------------------------------------
---------------------------------------------------------------------------------
Finished RTL Optimization Phase 2 : Time (s): cpu = 00:00:11 ; elapsed = 00:00:11 . Memory (MB): peak = 1044.066 ; gain = 13.703
---------------------------------------------------------------------------------
---------------------------------------------------------------------------------
Start RTL Component Statistics 
---------------------------------------------------------------------------------
Detailed RTL Component Info : 
+---Adders : 
	   2 Input   10 Bit       Adders := 2     
	   2 Input    8 Bit       Adders := 1     
+---Registers : 
	               10 Bit    Registers := 2     
	                8 Bit    Registers := 1     
	                1 Bit    Registers := 2     
+---Muxes : 
	   2 Input   10 Bit        Muxes := 2     
	   2 Input    8 Bit        Muxes := 1     
	   2 Input    1 Bit        Muxes := 2     
---------------------------------------------------------------------------------
Finished RTL Component Statistics 
---------------------------------------------------------------------------------
---------------------------------------------------------------------------------
Start Part Resource Summary
---------------------------------------------------------------------------------
Part Resources:
DSPs: 90 (col length:60)
BRAMs: 100 (col length: RAMB18 60 RAMB36 30)
---------------------------------------------------------------------------------
Finished Part Resource Summary
---------------------------------------------------------------------------------
---------------------------------------------------------------------------------
Start Cross Boundary and Area Optimization
---------------------------------------------------------------------------------
---------------------------------------------------------------------------------
Finished Cross Boundary and Area Optimization : Time (s): cpu = 00:00:12 ; elapsed = 00:00:13 . Memory (MB): peak = 1044.066 ; gain = 13.703
---------------------------------------------------------------------------------
---------------------------------------------------------------------------------
Start Applying XDC Timing Constraints
---------------------------------------------------------------------------------
---------------------------------------------------------------------------------
Finished Applying XDC Timing Constraints : Time (s): cpu = 00:00:18 ; elapsed = 00:00:19 . Memory (MB): peak = 1044.066 ; gain = 13.703
---------------------------------------------------------------------------------
---------------------------------------------------------------------------------
Start Timing Optimization
---------------------------------------------------------------------------------
---------------------------------------------------------------------------------
Finished Timing Optimization : Time (s): cpu = 00:00:19 ; elapsed = 00:00:19 . Memory (MB): peak = 1049.867 ; gain = 19.504
---------------------------------------------------------------------------------
---------------------------------------------------------------------------------
Start Technology Mapping
---------------------------------------------------------------------------------
---------------------------------------------------------------------------------
Finished Technology Mapping : Time (s): cpu = 00:00:19 ; elapsed = 00:00:19 . Memory (MB): peak = 1051.742 ; gain = 21.379
---------------------------------------------------------------------------------
---------------------------------------------------------------------------------
Start IO Insertion
---------------------------------------------------------------------------------
---------------------------------------------------------------------------------
Start Flattening Before IO Insertion
---------------------------------------------------------------------------------
---------------------------------------------------------------------------------
Finished Flattening Before IO Insertion
---------------------------------------------------------------------------------
---------------------------------------------------------------------------------
Start Final Netlist Cleanup
---------------------------------------------------------------------------------
---------------------------------------------------------------------------------
Finished Final Netlist Cleanup
---------------------------------------------------------------------------------
CRITICAL WARNING: [Synth 8-4442] BlackBox module blk_mem_gen_0_inst has unconnected pin dina[11]
CRITICAL WARNING: [Synth 8-4442] BlackBox module blk_mem_gen_0_inst has unconnected pin dina[10]
CRITICAL WARNING: [Synth 8-4442] BlackBox module blk_mem_gen_0_inst has unconnected pin dina[9]
CRITICAL WARNING: [Synth 8-4442] BlackBox module blk_mem_gen_0_inst has unconnected pin dina[8]
CRITICAL WARNING: [Synth 8-4442] BlackBox module blk_mem_gen_0_inst has unconnected pin dina[7]
CRITICAL WARNING: [Synth 8-4442] BlackBox module blk_mem_gen_0_inst has unconnected pin dina[6]
CRITICAL WARNING: [Synth 8-4442] BlackBox module blk_mem_gen_0_inst has unconnected pin dina[5]
CRITICAL WARNING: [Synth 8-4442] BlackBox module blk_mem_gen_0_inst has unconnected pin dina[4]
CRITICAL WARNING: [Synth 8-4442] BlackBox module blk_mem_gen_0_inst has unconnected pin dina[3]
CRITICAL WARNING: [Synth 8-4442] BlackBox module blk_mem_gen_0_inst has unconnected pin dina[2]
CRITICAL WARNING: [Synth 8-4442] BlackBox module blk_mem_gen_0_inst has unconnected pin dina[1]
CRITICAL WARNING: [Synth 8-4442] BlackBox module blk_mem_gen_0_inst has unconnected pin dina[0]
---------------------------------------------------------------------------------
Finished IO Insertion : Time (s): cpu = 00:00:22 ; elapsed = 00:00:22 . Memory (MB): peak = 1056.527 ; gain = 26.164
---------------------------------------------------------------------------------
---------------------------------------------------------------------------------
Start Renaming Generated Instances
---------------------------------------------------------------------------------
---------------------------------------------------------------------------------
Finished Renaming Generated Instances : Time (s): cpu = 00:00:22 ; elapsed = 00:00:22 . Memory (MB): peak = 1056.527 ; gain = 26.164
---------------------------------------------------------------------------------
---------------------------------------------------------------------------------
Start Rebuilding User Hierarchy
---------------------------------------------------------------------------------
---------------------------------------------------------------------------------
Finished Rebuilding User Hierarchy : Time (s): cpu = 00:00:22 ; elapsed = 00:00:22 . Memory (MB): peak = 1056.527 ; gain = 26.164
---------------------------------------------------------------------------------
---------------------------------------------------------------------------------
Start Renaming Generated Ports
---------------------------------------------------------------------------------
---------------------------------------------------------------------------------
Finished Renaming Generated Ports : Time (s): cpu = 00:00:22 ; elapsed = 00:00:22 . Memory (MB): peak = 1056.527 ; gain = 26.164
---------------------------------------------------------------------------------
---------------------------------------------------------------------------------
Start Handling Custom Attributes
---------------------------------------------------------------------------------
---------------------------------------------------------------------------------
Finished Handling Custom Attributes : Time (s): cpu = 00:00:22 ; elapsed = 00:00:22 . Memory (MB): peak = 1056.527 ; gain = 26.164
---------------------------------------------------------------------------------
---------------------------------------------------------------------------------
Start Renaming Generated Nets
---------------------------------------------------------------------------------
---------------------------------------------------------------------------------
Finished Renaming Generated Nets : Time (s): cpu = 00:00:22 ; elapsed = 00:00:22 . Memory (MB): peak = 1056.527 ; gain = 26.164
---------------------------------------------------------------------------------
---------------------------------------------------------------------------------
Start Writing Synthesis Report
---------------------------------------------------------------------------------

Report BlackBoxes: 
+------+--------------+----------+
|      |BlackBox name |Instances |
+------+--------------+----------+
|1     |blk_mem_gen_0 |         1|
+------+--------------+----------+

Report Cell Usage: 
+------+------------+------+
|      |Cell        |Count |
+------+------------+------+
|1     |blk_mem_gen |     1|
|2     |BUFG        |     1|
|3     |CARRY4      |    35|
|4     |LUT1        |    15|
|5     |LUT2        |    45|
|6     |LUT3        |    31|
|7     |LUT4        |    39|
|8     |LUT5        |    30|
|9     |LUT6        |    25|
|10    |FDCE        |     8|
|11    |FDRE        |    42|
|12    |FDSE        |     2|
|13    |IBUF        |     2|
|14    |OBUF        |    14|
+------+------------+------+
---------------------------------------------------------------------------------
Finished Writing Synthesis Report : Time (s): cpu = 00:00:22 ; elapsed = 00:00:22 . Memory (MB): peak = 1056.527 ; gain = 26.164
---------------------------------------------------------------------------------
Synthesis finished with 0 errors, 12 critical warnings and 0 warnings.
Synthesis Optimization Runtime : Time (s): cpu = 00:00:15 ; elapsed = 00:00:21 . Memory (MB): peak = 1056.527 ; gain = 12.461
Synthesis Optimization Complete : Time (s): cpu = 00:00:22 ; elapsed = 00:00:23 . Memory (MB): peak = 1056.527 ; gain = 26.164
INFO: [Project 1-571] Translating synthesized netlist
Netlist sorting complete. Time (s): cpu = 00:00:00 ; elapsed = 00:00:00.007 . Memory (MB): peak = 1068.566 ; gain = 0.000
INFO: [Netlist 29-17] Analyzing 35 Unisim elements for replacement
INFO: [Netlist 29-28] Unisim Transformation completed in 0 CPU seconds
INFO: [Project 1-570] Preparing netlist for logic optimization
INFO: [Opt 31-138] Pushed 0 inverter(s) to 0 load pin(s).
Netlist sorting complete. Time (s): cpu = 00:00:00 ; elapsed = 00:00:00 . Memory (MB): peak = 1071.586 ; gain = 0.000
INFO: [Project 1-111] Unisim Transformation Summary:
No Unisim elements were transformed.

INFO: [Common 17-83] Releasing license: Synthesis
25 Infos, 0 Warnings, 12 Critical Warnings and 0 Errors encountered.
synth_design completed successfully
synth_design: Time (s): cpu = 00:00:27 ; elapsed = 00:00:28 . Memory (MB): peak = 1071.586 ; gain = 41.223
INFO: [Common 17-1381] The checkpoint 'D:/Computer_Programming/Logic_Designer/LogicDesignLAB/lab6/VGA_demo2/VGA_demo2.runs/synth_1/top.dcp' has been generated.
INFO: [runtcl-4] Executing : report_utilization -file top_utilization_synth.rpt -pb top_utilization_synth.pb
INFO: [Common 17-206] Exiting Vivado at Thu Dec  3 15:58:24 2020...
