#-----------------------------------------------------------
# Vivado v2020.1.1 (64-bit)
# SW Build 2960000 on Wed Aug  5 22:57:20 MDT 2020
# IP Build 2956692 on Thu Aug  6 01:41:30 MDT 2020
# Start of session at: Thu Nov 26 15:40:14 2020
# Process ID: 21620
# Current directory: D:/Computer_Programming/Logic_Designer/LogicDesignLAB/lab5/Advance_Question_2
# Command line: vivado.exe -gui_launcher_event rodinguilauncherevent7756 D:\Computer_Programming\Logic_Designer\LogicDesignLAB\lab5\Advance_Question_2\Advance_Question_2.xpr
# Log file: D:/Computer_Programming/Logic_Designer/LogicDesignLAB/lab5/Advance_Question_2/vivado.log
# Journal file: D:/Computer_Programming/Logic_Designer/LogicDesignLAB/lab5/Advance_Question_2\vivado.jou
#-----------------------------------------------------------
start_gui
open_project D:/Computer_Programming/Logic_Designer/LogicDesignLAB/lab5/Advance_Question_2/Advance_Question_2.xpr
Scanning sources...
Finished scanning sources
INFO: [IP_Flow 19-234] Refreshing IP repositories
INFO: [IP_Flow 19-1704] No user IP repositories specified
INFO: [IP_Flow 19-2313] Loaded Vivado IP repository 'D:/Program_Files/Xilinx/Vivado/2020.1/data/ip'.
update_compile_order -fileset sources_1
launch_simulation
Command: launch_simulation 
INFO: [Vivado 12-5682] Launching behavioral simulation in 'D:/Computer_Programming/Logic_Designer/LogicDesignLAB/lab5/Advance_Question_2/Advance_Question_2.sim/sim_1/behav/xsim'
INFO: [SIM-utils-51] Simulation object is 'sim_1'
INFO: [SIM-utils-54] Inspecting design source files for 'tb' in fileset 'sim_1'...
INFO: [USF-XSim-97] Finding global include files...
INFO: [USF-XSim-98] Fetching design files from 'sim_1'...
INFO: [USF-XSim-2] XSim::Compile design
INFO: [USF-XSim-61] Executing 'COMPILE and ANALYZE' step in 'D:/Computer_Programming/Logic_Designer/LogicDesignLAB/lab5/Advance_Question_2/Advance_Question_2.sim/sim_1/behav/xsim'
"xvlog --incr --relax -prj tb_vlog.prj"
INFO: [USF-XSim-69] 'compile' step finished in '1' seconds
INFO: [USF-XSim-3] XSim::Elaborate design
INFO: [USF-XSim-61] Executing 'ELABORATE' step in 'D:/Computer_Programming/Logic_Designer/LogicDesignLAB/lab5/Advance_Question_2/Advance_Question_2.sim/sim_1/behav/xsim'
"xelab -wto bd1059c7a05f4c12a056724be82a4f87 --incr --debug typical --relax --mt 2 -L xil_defaultlib -L unisims_ver -L unimacro_ver -L secureip --snapshot tb_behav xil_defaultlib.tb xil_defaultlib.glbl -log elaborate.log"
Vivado Simulator 2020.1.1
Copyright 1986-1999, 2001-2020 Xilinx, Inc. All Rights Reserved.
Running: D:/Program_Files/Xilinx/Vivado/2020.1/bin/unwrapped/win64.o/xelab.exe -wto bd1059c7a05f4c12a056724be82a4f87 --incr --debug typical --relax --mt 2 -L xil_defaultlib -L unisims_ver -L unimacro_ver -L secureip --snapshot tb_behav xil_defaultlib.tb xil_defaultlib.glbl -log elaborate.log 
Using 2 slave threads.
Starting static elaboration
Pass Through NonSizing Optimizer
Completed static elaboration
INFO: [XSIM 43-4323] No Change in HDL. Linking previously generated obj files to create kernel
INFO: [USF-XSim-69] 'elaborate' step finished in '1' seconds
INFO: [USF-XSim-4] XSim::Simulate design
INFO: [USF-XSim-61] Executing 'SIMULATE' step in 'D:/Computer_Programming/Logic_Designer/LogicDesignLAB/lab5/Advance_Question_2/Advance_Question_2.sim/sim_1/behav/xsim'
INFO: [USF-XSim-98] *** Running xsim
   with args "tb_behav -key {Behavioral:sim_1:Functional:tb} -tclbatch {tb.tcl} -log {simulate.log}"
INFO: [USF-XSim-8] Loading simulator feature
Vivado Simulator 2020.1.1
Time resolution is 1 ps
source tb.tcl
# set curr_wave [current_wave_config]
# if { [string length $curr_wave] == 0 } {
#   if { [llength [get_objects]] > 0} {
#     add_wave /
#     set_property needs_save false [current_wave_config]
#   } else {
#      send_msg_id Add_Wave-1 WARNING "No top level signals found. Simulator will start without a wave window. If you want to open a wave window go to 'File->New Waveform Configuration' or type 'create_wave_config' in the TCL console."
#   }
# }
# run 1000ns
INFO: [USF-XSim-96] XSim completed. Design snapshot 'tb_behav' loaded.
INFO: [USF-XSim-97] XSim simulation ran for 1000ns
launch_simulation: Time (s): cpu = 00:00:07 ; elapsed = 00:00:07 . Memory (MB): peak = 1025.949 ; gain = 0.000
close_sim
INFO: [Simtcl 6-16] Simulation closed
close_sim: Time (s): cpu = 00:00:02 ; elapsed = 00:00:05 . Memory (MB): peak = 1025.949 ; gain = 0.000
launch_simulation
Command: launch_simulation 
INFO: [Vivado 12-5682] Launching behavioral simulation in 'D:/Computer_Programming/Logic_Designer/LogicDesignLAB/lab5/Advance_Question_2/Advance_Question_2.sim/sim_1/behav/xsim'
INFO: [SIM-utils-51] Simulation object is 'sim_1'
INFO: [SIM-utils-54] Inspecting design source files for 'tb' in fileset 'sim_1'...
INFO: [USF-XSim-97] Finding global include files...
INFO: [USF-XSim-98] Fetching design files from 'sim_1'...
INFO: [USF-XSim-2] XSim::Compile design
INFO: [USF-XSim-61] Executing 'COMPILE and ANALYZE' step in 'D:/Computer_Programming/Logic_Designer/LogicDesignLAB/lab5/Advance_Question_2/Advance_Question_2.sim/sim_1/behav/xsim'
"xvlog --incr --relax -prj tb_vlog.prj"
INFO: [VRFC 10-2263] Analyzing Verilog file "D:/Computer_Programming/Logic_Designer/LogicDesignLAB/lab5/Advance_Question_2/Advance_Question_2.srcs/sources_1/imports/lab5/Lab5_TeamX_Traffic_Light_Controller.v" into library xil_defaultlib
INFO: [VRFC 10-311] analyzing module Traffic_Light_Controller
INFO: [VRFC 10-2458] undeclared symbol cnt, assumed default net type wire [D:/Computer_Programming/Logic_Designer/LogicDesignLAB/lab5/Advance_Question_2/Advance_Question_2.srcs/sources_1/imports/lab5/Lab5_TeamX_Traffic_Light_Controller.v:11]
INFO: [VRFC 10-311] analyzing module Traffic_Light_Controller_test
INFO: [VRFC 10-311] analyzing module state_control
INFO: [VRFC 10-311] analyzing module light_control
INFO: [VRFC 10-2263] Analyzing Verilog file "D:/Computer_Programming/Logic_Designer/LogicDesignLAB/lab5/Advance_Question_2/Advance_Question_2.srcs/sources_1/new/tb.v" into library xil_defaultlib
INFO: [VRFC 10-311] analyzing module tb
INFO: [USF-XSim-69] 'compile' step finished in '1' seconds
INFO: [USF-XSim-3] XSim::Elaborate design
INFO: [USF-XSim-61] Executing 'ELABORATE' step in 'D:/Computer_Programming/Logic_Designer/LogicDesignLAB/lab5/Advance_Question_2/Advance_Question_2.sim/sim_1/behav/xsim'
"xelab -wto bd1059c7a05f4c12a056724be82a4f87 --incr --debug typical --relax --mt 2 -L xil_defaultlib -L unisims_ver -L unimacro_ver -L secureip --snapshot tb_behav xil_defaultlib.tb xil_defaultlib.glbl -log elaborate.log"
Vivado Simulator 2020.1.1
Copyright 1986-1999, 2001-2020 Xilinx, Inc. All Rights Reserved.
Running: D:/Program_Files/Xilinx/Vivado/2020.1/bin/unwrapped/win64.o/xelab.exe -wto bd1059c7a05f4c12a056724be82a4f87 --incr --debug typical --relax --mt 2 -L xil_defaultlib -L unisims_ver -L unimacro_ver -L secureip --snapshot tb_behav xil_defaultlib.tb xil_defaultlib.glbl -log elaborate.log 
Using 2 slave threads.
Starting static elaboration
Pass Through NonSizing Optimizer
Completed static elaboration
Starting simulation data flow analysis
Completed simulation data flow analysis
INFO: [Common 17-41] Interrupt caught. Command should exit soon.
Time Resolution for simulation is 1ps
Compiling module xil_defaultlib.light_control
Compiling module xil_defaultlib.state_control
Compiling module xil_defaultlib.Traffic_Light_Controller_test
Compiling module xil_defaultlib.tb
Compiling module xil_defaultlib.glbl
Built simulation snapshot tb_behav

****** Webtalk v2020.1.1 (64-bit)
  **** SW Build 2960000 on Wed Aug  5 22:57:20 MDT 2020
  **** IP Build 2956692 on Thu Aug  6 01:41:30 MDT 2020
    ** Copyright 1986-2020 Xilinx, Inc. All Rights Reserved.

source D:/Computer_Programming/Logic_Designer/LogicDesignLAB/lab5/Advance_Question_2/Advance_Question_2.sim/sim_1/behav/xsim/xsim.dir/tb_behav/webtalk/xsim_webtalk.tcl -notrace
INFO: [Common 17-344] 'run_program' was cancelled
INFO: [Vivado 12-5357] 'elaborate' step aborted
INFO: [Common 17-344] 'launch_simulation' was cancelled
launch_simulation
Command: launch_simulation 
INFO: [Vivado 12-5682] Launching behavioral simulation in 'D:/Computer_Programming/Logic_Designer/LogicDesignLAB/lab5/Advance_Question_2/Advance_Question_2.sim/sim_1/behav/xsim'
INFO: [SIM-utils-51] Simulation object is 'sim_1'
INFO: [SIM-utils-54] Inspecting design source files for 'tb' in fileset 'sim_1'...
INFO: [USF-XSim-97] Finding global include files...
INFO: [USF-XSim-98] Fetching design files from 'sim_1'...
INFO: [USF-XSim-2] XSim::Compile design
INFO: [USF-XSim-61] Executing 'COMPILE and ANALYZE' step in 'D:/Computer_Programming/Logic_Designer/LogicDesignLAB/lab5/Advance_Question_2/Advance_Question_2.sim/sim_1/behav/xsim'
"xvlog --incr --relax -prj tb_vlog.prj"
INFO: [VRFC 10-2263] Analyzing Verilog file "D:/Computer_Programming/Logic_Designer/LogicDesignLAB/lab5/Advance_Question_2/Advance_Question_2.srcs/sources_1/imports/lab5/Lab5_TeamX_Traffic_Light_Controller.v" into library xil_defaultlib
INFO: [VRFC 10-311] analyzing module Traffic_Light_Controller
INFO: [VRFC 10-2458] undeclared symbol cnt, assumed default net type wire [D:/Computer_Programming/Logic_Designer/LogicDesignLAB/lab5/Advance_Question_2/Advance_Question_2.srcs/sources_1/imports/lab5/Lab5_TeamX_Traffic_Light_Controller.v:11]
INFO: [VRFC 10-311] analyzing module Traffic_Light_Controller_test
INFO: [VRFC 10-311] analyzing module state_control
INFO: [VRFC 10-311] analyzing module light_control
INFO: [VRFC 10-2263] Analyzing Verilog file "D:/Computer_Programming/Logic_Designer/LogicDesignLAB/lab5/Advance_Question_2/Advance_Question_2.srcs/sources_1/new/tb.v" into library xil_defaultlib
INFO: [VRFC 10-311] analyzing module tb
INFO: [USF-XSim-69] 'compile' step finished in '1' seconds
INFO: [USF-XSim-3] XSim::Elaborate design
INFO: [USF-XSim-61] Executing 'ELABORATE' step in 'D:/Computer_Programming/Logic_Designer/LogicDesignLAB/lab5/Advance_Question_2/Advance_Question_2.sim/sim_1/behav/xsim'
"xelab -wto bd1059c7a05f4c12a056724be82a4f87 --incr --debug typical --relax --mt 2 -L xil_defaultlib -L unisims_ver -L unimacro_ver -L secureip --snapshot tb_behav xil_defaultlib.tb xil_defaultlib.glbl -log elaborate.log"
Vivado Simulator 2020.1.1
Copyright 1986-1999, 2001-2020 Xilinx, Inc. All Rights Reserved.
Running: D:/Program_Files/Xilinx/Vivado/2020.1/bin/unwrapped/win64.o/xelab.exe -wto bd1059c7a05f4c12a056724be82a4f87 --incr --debug typical --relax --mt 2 -L xil_defaultlib -L unisims_ver -L unimacro_ver -L secureip --snapshot tb_behav xil_defaultlib.tb xil_defaultlib.glbl -log elaborate.log 
Using 2 slave threads.
Starting static elaboration
Pass Through NonSizing Optimizer
Completed static elaboration
Starting simulation data flow analysis
Completed simulation data flow analysis
Time Resolution for simulation is 1ps
Compiling module xil_defaultlib.light_control
Compiling module xil_defaultlib.state_control
Compiling module xil_defaultlib.Traffic_Light_Controller_test
Compiling module xil_defaultlib.tb
Compiling module xil_defaultlib.glbl
Built simulation snapshot tb_behav
INFO: [USF-XSim-69] 'elaborate' step finished in '1' seconds
INFO: [USF-XSim-4] XSim::Simulate design
INFO: [USF-XSim-61] Executing 'SIMULATE' step in 'D:/Computer_Programming/Logic_Designer/LogicDesignLAB/lab5/Advance_Question_2/Advance_Question_2.sim/sim_1/behav/xsim'
INFO: [USF-XSim-98] *** Running xsim
   with args "tb_behav -key {Behavioral:sim_1:Functional:tb} -tclbatch {tb.tcl} -log {simulate.log}"
INFO: [USF-XSim-8] Loading simulator feature
Vivado Simulator 2020.1.1
Time resolution is 1 ps
source tb.tcl
# set curr_wave [current_wave_config]
# if { [string length $curr_wave] == 0 } {
#   if { [llength [get_objects]] > 0} {
#     add_wave /
#     set_property needs_save false [current_wave_config]
#   } else {
#      send_msg_id Add_Wave-1 WARNING "No top level signals found. Simulator will start without a wave window. If you want to open a wave window go to 'File->New Waveform Configuration' or type 'create_wave_config' in the TCL console."
#   }
# }
# run 1000ns
xsim: Time (s): cpu = 00:00:04 ; elapsed = 00:00:11 . Memory (MB): peak = 1025.949 ; gain = 0.000
INFO: [USF-XSim-96] XSim completed. Design snapshot 'tb_behav' loaded.
INFO: [USF-XSim-97] XSim simulation ran for 1000ns
launch_simulation: Time (s): cpu = 00:00:05 ; elapsed = 00:00:13 . Memory (MB): peak = 1025.949 ; gain = 0.000
close_sim
INFO: [Simtcl 6-16] Simulation closed
launch_simulation
Command: launch_simulation 
INFO: [Vivado 12-5682] Launching behavioral simulation in 'D:/Computer_Programming/Logic_Designer/LogicDesignLAB/lab5/Advance_Question_2/Advance_Question_2.sim/sim_1/behav/xsim'
INFO: [SIM-utils-51] Simulation object is 'sim_1'
INFO: [SIM-utils-54] Inspecting design source files for 'tb' in fileset 'sim_1'...
INFO: [USF-XSim-97] Finding global include files...
INFO: [USF-XSim-98] Fetching design files from 'sim_1'...
INFO: [USF-XSim-2] XSim::Compile design
INFO: [USF-XSim-61] Executing 'COMPILE and ANALYZE' step in 'D:/Computer_Programming/Logic_Designer/LogicDesignLAB/lab5/Advance_Question_2/Advance_Question_2.sim/sim_1/behav/xsim'
"xvlog --incr --relax -prj tb_vlog.prj"
INFO: [VRFC 10-2263] Analyzing Verilog file "D:/Computer_Programming/Logic_Designer/LogicDesignLAB/lab5/Advance_Question_2/Advance_Question_2.srcs/sources_1/imports/lab5/Lab5_TeamX_Traffic_Light_Controller.v" into library xil_defaultlib
INFO: [VRFC 10-311] analyzing module Traffic_Light_Controller
INFO: [VRFC 10-2458] undeclared symbol cnt, assumed default net type wire [D:/Computer_Programming/Logic_Designer/LogicDesignLAB/lab5/Advance_Question_2/Advance_Question_2.srcs/sources_1/imports/lab5/Lab5_TeamX_Traffic_Light_Controller.v:11]
INFO: [VRFC 10-311] analyzing module Traffic_Light_Controller_test
INFO: [VRFC 10-311] analyzing module state_control
INFO: [VRFC 10-311] analyzing module light_control
INFO: [VRFC 10-2263] Analyzing Verilog file "D:/Computer_Programming/Logic_Designer/LogicDesignLAB/lab5/Advance_Question_2/Advance_Question_2.srcs/sources_1/new/tb.v" into library xil_defaultlib
INFO: [VRFC 10-311] analyzing module tb
INFO: [USF-XSim-69] 'compile' step finished in '1' seconds
INFO: [USF-XSim-3] XSim::Elaborate design
INFO: [USF-XSim-61] Executing 'ELABORATE' step in 'D:/Computer_Programming/Logic_Designer/LogicDesignLAB/lab5/Advance_Question_2/Advance_Question_2.sim/sim_1/behav/xsim'
"xelab -wto bd1059c7a05f4c12a056724be82a4f87 --incr --debug typical --relax --mt 2 -L xil_defaultlib -L unisims_ver -L unimacro_ver -L secureip --snapshot tb_behav xil_defaultlib.tb xil_defaultlib.glbl -log elaborate.log"
Vivado Simulator 2020.1.1
Copyright 1986-1999, 2001-2020 Xilinx, Inc. All Rights Reserved.
Running: D:/Program_Files/Xilinx/Vivado/2020.1/bin/unwrapped/win64.o/xelab.exe -wto bd1059c7a05f4c12a056724be82a4f87 --incr --debug typical --relax --mt 2 -L xil_defaultlib -L unisims_ver -L unimacro_ver -L secureip --snapshot tb_behav xil_defaultlib.tb xil_defaultlib.glbl -log elaborate.log 
Using 2 slave threads.
Starting static elaboration
Pass Through NonSizing Optimizer
Completed static elaboration
Starting simulation data flow analysis
Completed simulation data flow analysis
Time Resolution for simulation is 1ps
Compiling module xil_defaultlib.light_control
Compiling module xil_defaultlib.state_control
Compiling module xil_defaultlib.Traffic_Light_Controller_test
Compiling module xil_defaultlib.tb
Compiling module xil_defaultlib.glbl
Built simulation snapshot tb_behav
INFO: [USF-XSim-69] 'elaborate' step finished in '1' seconds
INFO: [USF-XSim-4] XSim::Simulate design
INFO: [USF-XSim-61] Executing 'SIMULATE' step in 'D:/Computer_Programming/Logic_Designer/LogicDesignLAB/lab5/Advance_Question_2/Advance_Question_2.sim/sim_1/behav/xsim'
INFO: [USF-XSim-98] *** Running xsim
   with args "tb_behav -key {Behavioral:sim_1:Functional:tb} -tclbatch {tb.tcl} -log {simulate.log}"
INFO: [USF-XSim-8] Loading simulator feature
Vivado Simulator 2020.1.1
Time resolution is 1 ps
source tb.tcl
# set curr_wave [current_wave_config]
# if { [string length $curr_wave] == 0 } {
#   if { [llength [get_objects]] > 0} {
#     add_wave /
#     set_property needs_save false [current_wave_config]
#   } else {
#      send_msg_id Add_Wave-1 WARNING "No top level signals found. Simulator will start without a wave window. If you want to open a wave window go to 'File->New Waveform Configuration' or type 'create_wave_config' in the TCL console."
#   }
# }
# run 1000ns
xsim: Time (s): cpu = 00:00:04 ; elapsed = 00:00:11 . Memory (MB): peak = 1025.949 ; gain = 0.000
INFO: [USF-XSim-96] XSim completed. Design snapshot 'tb_behav' loaded.
INFO: [USF-XSim-97] XSim simulation ran for 1000ns
launch_simulation: Time (s): cpu = 00:00:04 ; elapsed = 00:00:14 . Memory (MB): peak = 1025.949 ; gain = 0.000
close_sim
INFO: [Simtcl 6-16] Simulation closed
exit
INFO: [Common 17-206] Exiting Vivado at Thu Nov 26 15:53:47 2020...
