
*** Running vivado
    with args -log Lab2_TeamX_Carry_Look_Ahead_t.vds -m64 -product Vivado -mode batch -messageDb vivado.pb -notrace -source Lab2_TeamX_Carry_Look_Ahead_t.tcl



****** Vivado v2020.1.1 (64-bit)
  **** SW Build 2960000 on Wed Aug  5 22:57:20 MDT 2020
  **** IP Build 2956692 on Thu Aug  6 01:41:30 MDT 2020
    ** Copyright 1986-2020 Xilinx, Inc. All Rights Reserved.

source Lab2_TeamX_Carry_Look_Ahead_t.tcl -notrace
Command: synth_design -top Lab2_TeamX_Carry_Look_Ahead_t -part xc7a35tcpg236-1
Starting synth_design
Attempting to get a license for feature 'Synthesis' and/or device 'xc7a35t'
INFO: [Common 17-349] Got license for feature 'Synthesis' and/or device 'xc7a35t'
INFO: [Synth 8-7079] Multithreading enabled for synth_design using a maximum of 2 processes.
INFO: [Synth 8-7078] Launching helper process for spawning children vivado processes
INFO: [Synth 8-7075] Helper process launched with PID 17412
---------------------------------------------------------------------------------
Starting Synthesize : Time (s): cpu = 00:00:04 ; elapsed = 00:00:04 . Memory (MB): peak = 1024.691 ; gain = 0.000
---------------------------------------------------------------------------------
INFO: [Synth 8-6157] synthesizing module 'Lab2_TeamX_Carry_Look_Ahead_t' [D:/Computer_Programming/Logic_Designer/LogicDesignLAB/lab2/AQ3/AQ3.srcs/sources_1/new/Lab2_TeamX_Carry_Look_Ahead_t.v:2]
WARNING: [Synth 8-639] system function call 'random' not supported [D:/Computer_Programming/Logic_Designer/LogicDesignLAB/lab2/AQ3/AQ3.srcs/sources_1/new/Lab2_TeamX_Carry_Look_Ahead_t.v:14]
WARNING: [Synth 8-639] system function call 'random' not supported [D:/Computer_Programming/Logic_Designer/LogicDesignLAB/lab2/AQ3/AQ3.srcs/sources_1/new/Lab2_TeamX_Carry_Look_Ahead_t.v:14]
WARNING: [Synth 8-639] system function call 'random' not supported [D:/Computer_Programming/Logic_Designer/LogicDesignLAB/lab2/AQ3/AQ3.srcs/sources_1/new/Lab2_TeamX_Carry_Look_Ahead_t.v:14]
WARNING: [Synth 8-639] system function call 'random' not supported [D:/Computer_Programming/Logic_Designer/LogicDesignLAB/lab2/AQ3/AQ3.srcs/sources_1/new/Lab2_TeamX_Carry_Look_Ahead_t.v:14]
WARNING: [Synth 8-639] system function call 'random' not supported [D:/Computer_Programming/Logic_Designer/LogicDesignLAB/lab2/AQ3/AQ3.srcs/sources_1/new/Lab2_TeamX_Carry_Look_Ahead_t.v:14]
WARNING: [Synth 8-639] system function call 'random' not supported [D:/Computer_Programming/Logic_Designer/LogicDesignLAB/lab2/AQ3/AQ3.srcs/sources_1/new/Lab2_TeamX_Carry_Look_Ahead_t.v:14]
WARNING: [Synth 8-639] system function call 'random' not supported [D:/Computer_Programming/Logic_Designer/LogicDesignLAB/lab2/AQ3/AQ3.srcs/sources_1/new/Lab2_TeamX_Carry_Look_Ahead_t.v:14]
WARNING: [Synth 8-639] system function call 'random' not supported [D:/Computer_Programming/Logic_Designer/LogicDesignLAB/lab2/AQ3/AQ3.srcs/sources_1/new/Lab2_TeamX_Carry_Look_Ahead_t.v:14]
WARNING: [Synth 8-639] system function call 'random' not supported [D:/Computer_Programming/Logic_Designer/LogicDesignLAB/lab2/AQ3/AQ3.srcs/sources_1/new/Lab2_TeamX_Carry_Look_Ahead_t.v:14]
WARNING: [Synth 8-639] system function call 'random' not supported [D:/Computer_Programming/Logic_Designer/LogicDesignLAB/lab2/AQ3/AQ3.srcs/sources_1/new/Lab2_TeamX_Carry_Look_Ahead_t.v:14]
WARNING: [Synth 8-639] system function call 'random' not supported [D:/Computer_Programming/Logic_Designer/LogicDesignLAB/lab2/AQ3/AQ3.srcs/sources_1/new/Lab2_TeamX_Carry_Look_Ahead_t.v:14]
WARNING: [Synth 8-639] system function call 'random' not supported [D:/Computer_Programming/Logic_Designer/LogicDesignLAB/lab2/AQ3/AQ3.srcs/sources_1/new/Lab2_TeamX_Carry_Look_Ahead_t.v:14]
WARNING: [Synth 8-639] system function call 'random' not supported [D:/Computer_Programming/Logic_Designer/LogicDesignLAB/lab2/AQ3/AQ3.srcs/sources_1/new/Lab2_TeamX_Carry_Look_Ahead_t.v:14]
WARNING: [Synth 8-639] system function call 'random' not supported [D:/Computer_Programming/Logic_Designer/LogicDesignLAB/lab2/AQ3/AQ3.srcs/sources_1/new/Lab2_TeamX_Carry_Look_Ahead_t.v:14]
WARNING: [Synth 8-639] system function call 'random' not supported [D:/Computer_Programming/Logic_Designer/LogicDesignLAB/lab2/AQ3/AQ3.srcs/sources_1/new/Lab2_TeamX_Carry_Look_Ahead_t.v:14]
WARNING: [Synth 8-639] system function call 'random' not supported [D:/Computer_Programming/Logic_Designer/LogicDesignLAB/lab2/AQ3/AQ3.srcs/sources_1/new/Lab2_TeamX_Carry_Look_Ahead_t.v:14]
WARNING: [Synth 8-639] system function call 'random' not supported [D:/Computer_Programming/Logic_Designer/LogicDesignLAB/lab2/AQ3/AQ3.srcs/sources_1/new/Lab2_TeamX_Carry_Look_Ahead_t.v:14]
WARNING: [Synth 8-639] system function call 'random' not supported [D:/Computer_Programming/Logic_Designer/LogicDesignLAB/lab2/AQ3/AQ3.srcs/sources_1/new/Lab2_TeamX_Carry_Look_Ahead_t.v:14]
WARNING: [Synth 8-639] system function call 'random' not supported [D:/Computer_Programming/Logic_Designer/LogicDesignLAB/lab2/AQ3/AQ3.srcs/sources_1/new/Lab2_TeamX_Carry_Look_Ahead_t.v:14]
WARNING: [Synth 8-639] system function call 'random' not supported [D:/Computer_Programming/Logic_Designer/LogicDesignLAB/lab2/AQ3/AQ3.srcs/sources_1/new/Lab2_TeamX_Carry_Look_Ahead_t.v:14]
WARNING: [Synth 8-639] system function call 'random' not supported [D:/Computer_Programming/Logic_Designer/LogicDesignLAB/lab2/AQ3/AQ3.srcs/sources_1/new/Lab2_TeamX_Carry_Look_Ahead_t.v:14]
WARNING: [Synth 8-639] system function call 'random' not supported [D:/Computer_Programming/Logic_Designer/LogicDesignLAB/lab2/AQ3/AQ3.srcs/sources_1/new/Lab2_TeamX_Carry_Look_Ahead_t.v:14]
WARNING: [Synth 8-639] system function call 'random' not supported [D:/Computer_Programming/Logic_Designer/LogicDesignLAB/lab2/AQ3/AQ3.srcs/sources_1/new/Lab2_TeamX_Carry_Look_Ahead_t.v:14]
WARNING: [Synth 8-639] system function call 'random' not supported [D:/Computer_Programming/Logic_Designer/LogicDesignLAB/lab2/AQ3/AQ3.srcs/sources_1/new/Lab2_TeamX_Carry_Look_Ahead_t.v:14]
WARNING: [Synth 8-639] system function call 'random' not supported [D:/Computer_Programming/Logic_Designer/LogicDesignLAB/lab2/AQ3/AQ3.srcs/sources_1/new/Lab2_TeamX_Carry_Look_Ahead_t.v:14]
WARNING: [Synth 8-639] system function call 'random' not supported [D:/Computer_Programming/Logic_Designer/LogicDesignLAB/lab2/AQ3/AQ3.srcs/sources_1/new/Lab2_TeamX_Carry_Look_Ahead_t.v:14]
WARNING: [Synth 8-639] system function call 'random' not supported [D:/Computer_Programming/Logic_Designer/LogicDesignLAB/lab2/AQ3/AQ3.srcs/sources_1/new/Lab2_TeamX_Carry_Look_Ahead_t.v:14]
WARNING: [Synth 8-639] system function call 'random' not supported [D:/Computer_Programming/Logic_Designer/LogicDesignLAB/lab2/AQ3/AQ3.srcs/sources_1/new/Lab2_TeamX_Carry_Look_Ahead_t.v:14]
WARNING: [Synth 8-639] system function call 'random' not supported [D:/Computer_Programming/Logic_Designer/LogicDesignLAB/lab2/AQ3/AQ3.srcs/sources_1/new/Lab2_TeamX_Carry_Look_Ahead_t.v:14]
WARNING: [Synth 8-639] system function call 'random' not supported [D:/Computer_Programming/Logic_Designer/LogicDesignLAB/lab2/AQ3/AQ3.srcs/sources_1/new/Lab2_TeamX_Carry_Look_Ahead_t.v:14]
WARNING: [Synth 8-639] system function call 'random' not supported [D:/Computer_Programming/Logic_Designer/LogicDesignLAB/lab2/AQ3/AQ3.srcs/sources_1/new/Lab2_TeamX_Carry_Look_Ahead_t.v:14]
WARNING: [Synth 8-639] system function call 'random' not supported [D:/Computer_Programming/Logic_Designer/LogicDesignLAB/lab2/AQ3/AQ3.srcs/sources_1/new/Lab2_TeamX_Carry_Look_Ahead_t.v:14]
WARNING: [Synth 8-639] system function call 'random' not supported [D:/Computer_Programming/Logic_Designer/LogicDesignLAB/lab2/AQ3/AQ3.srcs/sources_1/new/Lab2_TeamX_Carry_Look_Ahead_t.v:14]
WARNING: [Synth 8-639] system function call 'random' not supported [D:/Computer_Programming/Logic_Designer/LogicDesignLAB/lab2/AQ3/AQ3.srcs/sources_1/new/Lab2_TeamX_Carry_Look_Ahead_t.v:14]
WARNING: [Synth 8-639] system function call 'random' not supported [D:/Computer_Programming/Logic_Designer/LogicDesignLAB/lab2/AQ3/AQ3.srcs/sources_1/new/Lab2_TeamX_Carry_Look_Ahead_t.v:14]
WARNING: [Synth 8-639] system function call 'random' not supported [D:/Computer_Programming/Logic_Designer/LogicDesignLAB/lab2/AQ3/AQ3.srcs/sources_1/new/Lab2_TeamX_Carry_Look_Ahead_t.v:14]
WARNING: [Synth 8-639] system function call 'random' not supported [D:/Computer_Programming/Logic_Designer/LogicDesignLAB/lab2/AQ3/AQ3.srcs/sources_1/new/Lab2_TeamX_Carry_Look_Ahead_t.v:14]
WARNING: [Synth 8-639] system function call 'random' not supported [D:/Computer_Programming/Logic_Designer/LogicDesignLAB/lab2/AQ3/AQ3.srcs/sources_1/new/Lab2_TeamX_Carry_Look_Ahead_t.v:14]
WARNING: [Synth 8-639] system function call 'random' not supported [D:/Computer_Programming/Logic_Designer/LogicDesignLAB/lab2/AQ3/AQ3.srcs/sources_1/new/Lab2_TeamX_Carry_Look_Ahead_t.v:14]
WARNING: [Synth 8-639] system function call 'random' not supported [D:/Computer_Programming/Logic_Designer/LogicDesignLAB/lab2/AQ3/AQ3.srcs/sources_1/new/Lab2_TeamX_Carry_Look_Ahead_t.v:14]
WARNING: [Synth 8-639] system function call 'random' not supported [D:/Computer_Programming/Logic_Designer/LogicDesignLAB/lab2/AQ3/AQ3.srcs/sources_1/new/Lab2_TeamX_Carry_Look_Ahead_t.v:14]
WARNING: [Synth 8-639] system function call 'random' not supported [D:/Computer_Programming/Logic_Designer/LogicDesignLAB/lab2/AQ3/AQ3.srcs/sources_1/new/Lab2_TeamX_Carry_Look_Ahead_t.v:14]
WARNING: [Synth 8-639] system function call 'random' not supported [D:/Computer_Programming/Logic_Designer/LogicDesignLAB/lab2/AQ3/AQ3.srcs/sources_1/new/Lab2_TeamX_Carry_Look_Ahead_t.v:14]
WARNING: [Synth 8-639] system function call 'random' not supported [D:/Computer_Programming/Logic_Designer/LogicDesignLAB/lab2/AQ3/AQ3.srcs/sources_1/new/Lab2_TeamX_Carry_Look_Ahead_t.v:14]
WARNING: [Synth 8-639] system function call 'random' not supported [D:/Computer_Programming/Logic_Designer/LogicDesignLAB/lab2/AQ3/AQ3.srcs/sources_1/new/Lab2_TeamX_Carry_Look_Ahead_t.v:14]
WARNING: [Synth 8-639] system function call 'random' not supported [D:/Computer_Programming/Logic_Designer/LogicDesignLAB/lab2/AQ3/AQ3.srcs/sources_1/new/Lab2_TeamX_Carry_Look_Ahead_t.v:14]
WARNING: [Synth 8-639] system function call 'random' not supported [D:/Computer_Programming/Logic_Designer/LogicDesignLAB/lab2/AQ3/AQ3.srcs/sources_1/new/Lab2_TeamX_Carry_Look_Ahead_t.v:14]
WARNING: [Synth 8-639] system function call 'random' not supported [D:/Computer_Programming/Logic_Designer/LogicDesignLAB/lab2/AQ3/AQ3.srcs/sources_1/new/Lab2_TeamX_Carry_Look_Ahead_t.v:14]
WARNING: [Synth 8-639] system function call 'random' not supported [D:/Computer_Programming/Logic_Designer/LogicDesignLAB/lab2/AQ3/AQ3.srcs/sources_1/new/Lab2_TeamX_Carry_Look_Ahead_t.v:14]
WARNING: [Synth 8-639] system function call 'random' not supported [D:/Computer_Programming/Logic_Designer/LogicDesignLAB/lab2/AQ3/AQ3.srcs/sources_1/new/Lab2_TeamX_Carry_Look_Ahead_t.v:14]
WARNING: [Synth 8-639] system function call 'random' not supported [D:/Computer_Programming/Logic_Designer/LogicDesignLAB/lab2/AQ3/AQ3.srcs/sources_1/new/Lab2_TeamX_Carry_Look_Ahead_t.v:14]
WARNING: [Synth 8-639] system function call 'random' not supported [D:/Computer_Programming/Logic_Designer/LogicDesignLAB/lab2/AQ3/AQ3.srcs/sources_1/new/Lab2_TeamX_Carry_Look_Ahead_t.v:14]
WARNING: [Synth 8-639] system function call 'random' not supported [D:/Computer_Programming/Logic_Designer/LogicDesignLAB/lab2/AQ3/AQ3.srcs/sources_1/new/Lab2_TeamX_Carry_Look_Ahead_t.v:14]
WARNING: [Synth 8-639] system function call 'random' not supported [D:/Computer_Programming/Logic_Designer/LogicDesignLAB/lab2/AQ3/AQ3.srcs/sources_1/new/Lab2_TeamX_Carry_Look_Ahead_t.v:14]
WARNING: [Synth 8-639] system function call 'random' not supported [D:/Computer_Programming/Logic_Designer/LogicDesignLAB/lab2/AQ3/AQ3.srcs/sources_1/new/Lab2_TeamX_Carry_Look_Ahead_t.v:14]
WARNING: [Synth 8-639] system function call 'random' not supported [D:/Computer_Programming/Logic_Designer/LogicDesignLAB/lab2/AQ3/AQ3.srcs/sources_1/new/Lab2_TeamX_Carry_Look_Ahead_t.v:14]
WARNING: [Synth 8-639] system function call 'random' not supported [D:/Computer_Programming/Logic_Designer/LogicDesignLAB/lab2/AQ3/AQ3.srcs/sources_1/new/Lab2_TeamX_Carry_Look_Ahead_t.v:14]
WARNING: [Synth 8-639] system function call 'random' not supported [D:/Computer_Programming/Logic_Designer/LogicDesignLAB/lab2/AQ3/AQ3.srcs/sources_1/new/Lab2_TeamX_Carry_Look_Ahead_t.v:14]
WARNING: [Synth 8-639] system function call 'random' not supported [D:/Computer_Programming/Logic_Designer/LogicDesignLAB/lab2/AQ3/AQ3.srcs/sources_1/new/Lab2_TeamX_Carry_Look_Ahead_t.v:14]
WARNING: [Synth 8-639] system function call 'random' not supported [D:/Computer_Programming/Logic_Designer/LogicDesignLAB/lab2/AQ3/AQ3.srcs/sources_1/new/Lab2_TeamX_Carry_Look_Ahead_t.v:14]
WARNING: [Synth 8-639] system function call 'random' not supported [D:/Computer_Programming/Logic_Designer/LogicDesignLAB/lab2/AQ3/AQ3.srcs/sources_1/new/Lab2_TeamX_Carry_Look_Ahead_t.v:14]
WARNING: [Synth 8-639] system function call 'random' not supported [D:/Computer_Programming/Logic_Designer/LogicDesignLAB/lab2/AQ3/AQ3.srcs/sources_1/new/Lab2_TeamX_Carry_Look_Ahead_t.v:14]
WARNING: [Synth 8-639] system function call 'random' not supported [D:/Computer_Programming/Logic_Designer/LogicDesignLAB/lab2/AQ3/AQ3.srcs/sources_1/new/Lab2_TeamX_Carry_Look_Ahead_t.v:14]
WARNING: [Synth 8-639] system function call 'random' not supported [D:/Computer_Programming/Logic_Designer/LogicDesignLAB/lab2/AQ3/AQ3.srcs/sources_1/new/Lab2_TeamX_Carry_Look_Ahead_t.v:14]
WARNING: [Synth 8-639] system function call 'random' not supported [D:/Computer_Programming/Logic_Designer/LogicDesignLAB/lab2/AQ3/AQ3.srcs/sources_1/new/Lab2_TeamX_Carry_Look_Ahead_t.v:14]
WARNING: [Synth 8-639] system function call 'random' not supported [D:/Computer_Programming/Logic_Designer/LogicDesignLAB/lab2/AQ3/AQ3.srcs/sources_1/new/Lab2_TeamX_Carry_Look_Ahead_t.v:14]
WARNING: [Synth 8-639] system function call 'random' not supported [D:/Computer_Programming/Logic_Designer/LogicDesignLAB/lab2/AQ3/AQ3.srcs/sources_1/new/Lab2_TeamX_Carry_Look_Ahead_t.v:14]
WARNING: [Synth 8-639] system function call 'random' not supported [D:/Computer_Programming/Logic_Designer/LogicDesignLAB/lab2/AQ3/AQ3.srcs/sources_1/new/Lab2_TeamX_Carry_Look_Ahead_t.v:14]
WARNING: [Synth 8-639] system function call 'random' not supported [D:/Computer_Programming/Logic_Designer/LogicDesignLAB/lab2/AQ3/AQ3.srcs/sources_1/new/Lab2_TeamX_Carry_Look_Ahead_t.v:14]
WARNING: [Synth 8-639] system function call 'random' not supported [D:/Computer_Programming/Logic_Designer/LogicDesignLAB/lab2/AQ3/AQ3.srcs/sources_1/new/Lab2_TeamX_Carry_Look_Ahead_t.v:14]
WARNING: [Synth 8-639] system function call 'random' not supported [D:/Computer_Programming/Logic_Designer/LogicDesignLAB/lab2/AQ3/AQ3.srcs/sources_1/new/Lab2_TeamX_Carry_Look_Ahead_t.v:14]
WARNING: [Synth 8-639] system function call 'random' not supported [D:/Computer_Programming/Logic_Designer/LogicDesignLAB/lab2/AQ3/AQ3.srcs/sources_1/new/Lab2_TeamX_Carry_Look_Ahead_t.v:14]
WARNING: [Synth 8-639] system function call 'random' not supported [D:/Computer_Programming/Logic_Designer/LogicDesignLAB/lab2/AQ3/AQ3.srcs/sources_1/new/Lab2_TeamX_Carry_Look_Ahead_t.v:14]
WARNING: [Synth 8-639] system function call 'random' not supported [D:/Computer_Programming/Logic_Designer/LogicDesignLAB/lab2/AQ3/AQ3.srcs/sources_1/new/Lab2_TeamX_Carry_Look_Ahead_t.v:14]
WARNING: [Synth 8-639] system function call 'random' not supported [D:/Computer_Programming/Logic_Designer/LogicDesignLAB/lab2/AQ3/AQ3.srcs/sources_1/new/Lab2_TeamX_Carry_Look_Ahead_t.v:14]
WARNING: [Synth 8-639] system function call 'random' not supported [D:/Computer_Programming/Logic_Designer/LogicDesignLAB/lab2/AQ3/AQ3.srcs/sources_1/new/Lab2_TeamX_Carry_Look_Ahead_t.v:14]
WARNING: [Synth 8-639] system function call 'random' not supported [D:/Computer_Programming/Logic_Designer/LogicDesignLAB/lab2/AQ3/AQ3.srcs/sources_1/new/Lab2_TeamX_Carry_Look_Ahead_t.v:14]
WARNING: [Synth 8-639] system function call 'random' not supported [D:/Computer_Programming/Logic_Designer/LogicDesignLAB/lab2/AQ3/AQ3.srcs/sources_1/new/Lab2_TeamX_Carry_Look_Ahead_t.v:14]
WARNING: [Synth 8-639] system function call 'random' not supported [D:/Computer_Programming/Logic_Designer/LogicDesignLAB/lab2/AQ3/AQ3.srcs/sources_1/new/Lab2_TeamX_Carry_Look_Ahead_t.v:14]
WARNING: [Synth 8-639] system function call 'random' not supported [D:/Computer_Programming/Logic_Designer/LogicDesignLAB/lab2/AQ3/AQ3.srcs/sources_1/new/Lab2_TeamX_Carry_Look_Ahead_t.v:14]
WARNING: [Synth 8-639] system function call 'random' not supported [D:/Computer_Programming/Logic_Designer/LogicDesignLAB/lab2/AQ3/AQ3.srcs/sources_1/new/Lab2_TeamX_Carry_Look_Ahead_t.v:14]
WARNING: [Synth 8-639] system function call 'random' not supported [D:/Computer_Programming/Logic_Designer/LogicDesignLAB/lab2/AQ3/AQ3.srcs/sources_1/new/Lab2_TeamX_Carry_Look_Ahead_t.v:14]
WARNING: [Synth 8-639] system function call 'random' not supported [D:/Computer_Programming/Logic_Designer/LogicDesignLAB/lab2/AQ3/AQ3.srcs/sources_1/new/Lab2_TeamX_Carry_Look_Ahead_t.v:14]
WARNING: [Synth 8-639] system function call 'random' not supported [D:/Computer_Programming/Logic_Designer/LogicDesignLAB/lab2/AQ3/AQ3.srcs/sources_1/new/Lab2_TeamX_Carry_Look_Ahead_t.v:14]
WARNING: [Synth 8-639] system function call 'random' not supported [D:/Computer_Programming/Logic_Designer/LogicDesignLAB/lab2/AQ3/AQ3.srcs/sources_1/new/Lab2_TeamX_Carry_Look_Ahead_t.v:14]
WARNING: [Synth 8-639] system function call 'random' not supported [D:/Computer_Programming/Logic_Designer/LogicDesignLAB/lab2/AQ3/AQ3.srcs/sources_1/new/Lab2_TeamX_Carry_Look_Ahead_t.v:14]
WARNING: [Synth 8-639] system function call 'random' not supported [D:/Computer_Programming/Logic_Designer/LogicDesignLAB/lab2/AQ3/AQ3.srcs/sources_1/new/Lab2_TeamX_Carry_Look_Ahead_t.v:14]
WARNING: [Synth 8-639] system function call 'random' not supported [D:/Computer_Programming/Logic_Designer/LogicDesignLAB/lab2/AQ3/AQ3.srcs/sources_1/new/Lab2_TeamX_Carry_Look_Ahead_t.v:14]
WARNING: [Synth 8-639] system function call 'random' not supported [D:/Computer_Programming/Logic_Designer/LogicDesignLAB/lab2/AQ3/AQ3.srcs/sources_1/new/Lab2_TeamX_Carry_Look_Ahead_t.v:14]
WARNING: [Synth 8-639] system function call 'random' not supported [D:/Computer_Programming/Logic_Designer/LogicDesignLAB/lab2/AQ3/AQ3.srcs/sources_1/new/Lab2_TeamX_Carry_Look_Ahead_t.v:14]
WARNING: [Synth 8-639] system function call 'random' not supported [D:/Computer_Programming/Logic_Designer/LogicDesignLAB/lab2/AQ3/AQ3.srcs/sources_1/new/Lab2_TeamX_Carry_Look_Ahead_t.v:14]
WARNING: [Synth 8-639] system function call 'random' not supported [D:/Computer_Programming/Logic_Designer/LogicDesignLAB/lab2/AQ3/AQ3.srcs/sources_1/new/Lab2_TeamX_Carry_Look_Ahead_t.v:14]
WARNING: [Synth 8-639] system function call 'random' not supported [D:/Computer_Programming/Logic_Designer/LogicDesignLAB/lab2/AQ3/AQ3.srcs/sources_1/new/Lab2_TeamX_Carry_Look_Ahead_t.v:14]
WARNING: [Synth 8-639] system function call 'random' not supported [D:/Computer_Programming/Logic_Designer/LogicDesignLAB/lab2/AQ3/AQ3.srcs/sources_1/new/Lab2_TeamX_Carry_Look_Ahead_t.v:14]
WARNING: [Synth 8-639] system function call 'random' not supported [D:/Computer_Programming/Logic_Designer/LogicDesignLAB/lab2/AQ3/AQ3.srcs/sources_1/new/Lab2_TeamX_Carry_Look_Ahead_t.v:14]
WARNING: [Synth 8-639] system function call 'random' not supported [D:/Computer_Programming/Logic_Designer/LogicDesignLAB/lab2/AQ3/AQ3.srcs/sources_1/new/Lab2_TeamX_Carry_Look_Ahead_t.v:14]
WARNING: [Synth 8-639] system function call 'random' not supported [D:/Computer_Programming/Logic_Designer/LogicDesignLAB/lab2/AQ3/AQ3.srcs/sources_1/new/Lab2_TeamX_Carry_Look_Ahead_t.v:14]
WARNING: [Synth 8-639] system function call 'random' not supported [D:/Computer_Programming/Logic_Designer/LogicDesignLAB/lab2/AQ3/AQ3.srcs/sources_1/new/Lab2_TeamX_Carry_Look_Ahead_t.v:14]
WARNING: [Synth 8-639] system function call 'random' not supported [D:/Computer_Programming/Logic_Designer/LogicDesignLAB/lab2/AQ3/AQ3.srcs/sources_1/new/Lab2_TeamX_Carry_Look_Ahead_t.v:14]
WARNING: [Synth 8-639] system function call 'random' not supported [D:/Computer_Programming/Logic_Designer/LogicDesignLAB/lab2/AQ3/AQ3.srcs/sources_1/new/Lab2_TeamX_Carry_Look_Ahead_t.v:14]
INFO: [Common 17-14] Message 'Synth 8-639' appears 100 times and further instances of the messages will be disabled. Use the Tcl command set_msg_config to change the current settings.
