
*** Running vivado
    with args -log Stopwatch.vds -m64 -product Vivado -mode batch -messageDb vivado.pb -notrace -source Stopwatch.tcl



****** Vivado v2020.1.1 (64-bit)
  **** SW Build 2960000 on Wed Aug  5 22:57:20 MDT 2020
  **** IP Build 2956692 on Thu Aug  6 01:41:30 MDT 2020
    ** Copyright 1986-2020 Xilinx, Inc. All Rights Reserved.

source Stopwatch.tcl -notrace
Command: synth_design -top Stopwatch -part xc7a35tcpg236-1
Starting synth_design
Attempting to get a license for feature 'Synthesis' and/or device 'xc7a35t'
INFO: [Common 17-349] Got license for feature 'Synthesis' and/or device 'xc7a35t'
INFO: [Device 21-403] Loading part xc7a35tcpg236-1
INFO: [Synth 8-7079] Multithreading enabled for synth_design using a maximum of 2 processes.
INFO: [Synth 8-7078] Launching helper process for spawning children vivado processes
INFO: [Synth 8-7075] Helper process launched with PID 1008
---------------------------------------------------------------------------------
Starting RTL Elaboration : Time (s): cpu = 00:00:04 ; elapsed = 00:00:04 . Memory (MB): peak = 1030.859 ; gain = 0.000
---------------------------------------------------------------------------------
INFO: [Synth 8-6157] synthesizing module 'Stopwatch' [D:/Computer_Programming/Logic_Designer/LogicDesignLAB/lab4/FPGA_demo/FPGA_demo.srcs/sources_1/imports/Downloads/Lab4_Team10_Stopwatch_fpga.v:3]
INFO: [Synth 8-6157] synthesizing module 'debounce' [D:/Computer_Programming/Logic_Designer/LogicDesignLAB/lab4/FPGA_demo/FPGA_demo.srcs/sources_1/imports/Downloads/Lab4_Team10_Stopwatch_fpga.v:275]
INFO: [Synth 8-6155] done synthesizing module 'debounce' (1#1) [D:/Computer_Programming/Logic_Designer/LogicDesignLAB/lab4/FPGA_demo/FPGA_demo.srcs/sources_1/imports/Downloads/Lab4_Team10_Stopwatch_fpga.v:275]
INFO: [Synth 8-6157] synthesizing module 'one_pulse' [D:/Computer_Programming/Logic_Designer/LogicDesignLAB/lab4/FPGA_demo/FPGA_demo.srcs/sources_1/imports/Downloads/Lab4_Team10_Stopwatch_fpga.v:289]
INFO: [Synth 8-6155] done synthesizing module 'one_pulse' (2#1) [D:/Computer_Programming/Logic_Designer/LogicDesignLAB/lab4/FPGA_demo/FPGA_demo.srcs/sources_1/imports/Downloads/Lab4_Team10_Stopwatch_fpga.v:289]
INFO: [Synth 8-6157] synthesizing module 'Extend' [D:/Computer_Programming/Logic_Designer/LogicDesignLAB/lab4/FPGA_demo/FPGA_demo.srcs/sources_1/imports/Downloads/Lab4_Team10_Stopwatch_fpga.v:302]
	Parameter conNum bound to: 26'b00100110001001011010000000 
INFO: [Synth 8-6155] done synthesizing module 'Extend' (3#1) [D:/Computer_Programming/Logic_Designer/LogicDesignLAB/lab4/FPGA_demo/FPGA_demo.srcs/sources_1/imports/Downloads/Lab4_Team10_Stopwatch_fpga.v:302]
INFO: [Synth 8-6157] synthesizing module 'counterup' [D:/Computer_Programming/Logic_Designer/LogicDesignLAB/lab4/FPGA_demo/FPGA_demo.srcs/sources_1/imports/Downloads/Lab4_Team10_Stopwatch_fpga.v:136]
	Parameter COUNT bound to: 2'b01 
	Parameter WAIT bound to: 2'b10 
	Parameter RESET bound to: 2'b11 
INFO: [Synth 8-6157] synthesizing module 'state_transition' [D:/Computer_Programming/Logic_Designer/LogicDesignLAB/lab4/FPGA_demo/FPGA_demo.srcs/sources_1/imports/Downloads/Lab4_Team10_Stopwatch_fpga.v:221]
	Parameter COUNT bound to: 2'b01 
	Parameter WAIT bound to: 2'b10 
	Parameter RESET bound to: 2'b11 
INFO: [Synth 8-6157] synthesizing module 'clksecdiv_10' [D:/Computer_Programming/Logic_Designer/LogicDesignLAB/lab4/FPGA_demo/FPGA_demo.srcs/sources_1/imports/Downloads/Lab4_Team10_Stopwatch_fpga.v:335]
	Parameter conNum bound to: 26'b00100110001001011010000000 
INFO: [Synth 8-6155] done synthesizing module 'clksecdiv_10' (4#1) [D:/Computer_Programming/Logic_Designer/LogicDesignLAB/lab4/FPGA_demo/FPGA_demo.srcs/sources_1/imports/Downloads/Lab4_Team10_Stopwatch_fpga.v:335]
INFO: [Synth 8-6155] done synthesizing module 'state_transition' (5#1) [D:/Computer_Programming/Logic_Designer/LogicDesignLAB/lab4/FPGA_demo/FPGA_demo.srcs/sources_1/imports/Downloads/Lab4_Team10_Stopwatch_fpga.v:221]
INFO: [Synth 8-155] case statement is not full and has no default [D:/Computer_Programming/Logic_Designer/LogicDesignLAB/lab4/FPGA_demo/FPGA_demo.srcs/sources_1/imports/Downloads/Lab4_Team10_Stopwatch_fpga.v:161]
INFO: [Synth 8-6155] done synthesizing module 'counterup' (6#1) [D:/Computer_Programming/Logic_Designer/LogicDesignLAB/lab4/FPGA_demo/FPGA_demo.srcs/sources_1/imports/Downloads/Lab4_Team10_Stopwatch_fpga.v:136]
INFO: [Synth 8-6157] synthesizing module 'Clock_Divider_216' [D:/Computer_Programming/Logic_Designer/LogicDesignLAB/lab4/FPGA_demo/FPGA_demo.srcs/sources_1/imports/Downloads/Lab4_Team10_Stopwatch_fpga.v:362]
	Parameter constantNumber bound to: 16'b1111111111111111 
WARNING: [Synth 8-589] replacing case/wildcard equality operator === with logical equality operator == [D:/Computer_Programming/Logic_Designer/LogicDesignLAB/lab4/FPGA_demo/FPGA_demo.srcs/sources_1/imports/Downloads/Lab4_Team10_Stopwatch_fpga.v:373]
WARNING: [Synth 8-589] replacing case/wildcard equality operator === with logical equality operator == [D:/Computer_Programming/Logic_Designer/LogicDesignLAB/lab4/FPGA_demo/FPGA_demo.srcs/sources_1/imports/Downloads/Lab4_Team10_Stopwatch_fpga.v:378]
INFO: [Synth 8-6155] done synthesizing module 'Clock_Divider_216' (7#1) [D:/Computer_Programming/Logic_Designer/LogicDesignLAB/lab4/FPGA_demo/FPGA_demo.srcs/sources_1/imports/Downloads/Lab4_Team10_Stopwatch_fpga.v:362]
INFO: [Synth 8-6155] done synthesizing module 'Stopwatch' (8#1) [D:/Computer_Programming/Logic_Designer/LogicDesignLAB/lab4/FPGA_demo/FPGA_demo.srcs/sources_1/imports/Downloads/Lab4_Team10_Stopwatch_fpga.v:3]
---------------------------------------------------------------------------------
Finished RTL Elaboration : Time (s): cpu = 00:00:05 ; elapsed = 00:00:05 . Memory (MB): peak = 1030.859 ; gain = 0.000
---------------------------------------------------------------------------------
---------------------------------------------------------------------------------
Start Handling Custom Attributes
---------------------------------------------------------------------------------
---------------------------------------------------------------------------------
Finished Handling Custom Attributes : Time (s): cpu = 00:00:05 ; elapsed = 00:00:05 . Memory (MB): peak = 1030.859 ; gain = 0.000
---------------------------------------------------------------------------------
---------------------------------------------------------------------------------
Finished RTL Optimization Phase 1 : Time (s): cpu = 00:00:05 ; elapsed = 00:00:05 . Memory (MB): peak = 1030.859 ; gain = 0.000
---------------------------------------------------------------------------------
Netlist sorting complete. Time (s): cpu = 00:00:00 ; elapsed = 00:00:00.006 . Memory (MB): peak = 1030.859 ; gain = 0.000
INFO: [Project 1-570] Preparing netlist for logic optimization

Processing XDC Constraints
Initializing timing engine
Parsing XDC File [D:/Computer_Programming/Logic_Designer/LogicDesignLAB/lab4/FPGA_demo/FPGA_demo.srcs/constrs_1/imports/new/cons.xdc]
Finished Parsing XDC File [D:/Computer_Programming/Logic_Designer/LogicDesignLAB/lab4/FPGA_demo/FPGA_demo.srcs/constrs_1/imports/new/cons.xdc]
INFO: [Project 1-236] Implementation specific constraints were found while reading constraint file [D:/Computer_Programming/Logic_Designer/LogicDesignLAB/lab4/FPGA_demo/FPGA_demo.srcs/constrs_1/imports/new/cons.xdc]. These constraints will be ignored for synthesis but will be used in implementation. Impacted constraints are listed in the file [.Xil/Stopwatch_propImpl.xdc].
Resolution: To avoid this warning, move constraints listed in [.Xil/Stopwatch_propImpl.xdc] to another XDC file and exclude this new file from synthesis with the used_in_synthesis property (File Properties dialog in GUI) and re-run elaboration/synthesis.
Completed Processing XDC Constraints

Netlist sorting complete. Time (s): cpu = 00:00:00 ; elapsed = 00:00:00 . Memory (MB): peak = 1034.582 ; gain = 0.000
INFO: [Project 1-111] Unisim Transformation Summary:
No Unisim elements were transformed.

Constraint Validation Runtime : Time (s): cpu = 00:00:00 ; elapsed = 00:00:00.003 . Memory (MB): peak = 1034.582 ; gain = 0.000
---------------------------------------------------------------------------------
Finished Constraint Validation : Time (s): cpu = 00:00:11 ; elapsed = 00:00:10 . Memory (MB): peak = 1034.582 ; gain = 3.723
---------------------------------------------------------------------------------
---------------------------------------------------------------------------------
Start Loading Part and Timing Information
---------------------------------------------------------------------------------
Loading part: xc7a35tcpg236-1
---------------------------------------------------------------------------------
Finished Loading Part and Timing Information : Time (s): cpu = 00:00:11 ; elapsed = 00:00:10 . Memory (MB): peak = 1034.582 ; gain = 3.723
---------------------------------------------------------------------------------
---------------------------------------------------------------------------------
Start Applying 'set_property' XDC Constraints
---------------------------------------------------------------------------------
---------------------------------------------------------------------------------
Finished applying 'set_property' XDC Constraints : Time (s): cpu = 00:00:11 ; elapsed = 00:00:11 . Memory (MB): peak = 1034.582 ; gain = 3.723
---------------------------------------------------------------------------------
INFO: [Synth 8-802] inferred FSM for state register 'state_reg' in module 'state_transition'
---------------------------------------------------------------------------------------------------
                   State |                     New Encoding |                Previous Encoding 
---------------------------------------------------------------------------------------------------
                   RESET |                               00 |                               11
                    WAIT |                               01 |                               10
                   COUNT |                               10 |                               01
---------------------------------------------------------------------------------------------------
INFO: [Synth 8-3354] encoded FSM with state register 'state_reg' using encoding 'sequential' in module 'state_transition'
---------------------------------------------------------------------------------
Finished RTL Optimization Phase 2 : Time (s): cpu = 00:00:11 ; elapsed = 00:00:11 . Memory (MB): peak = 1034.582 ; gain = 3.723
---------------------------------------------------------------------------------
---------------------------------------------------------------------------------
Start RTL Component Statistics 
---------------------------------------------------------------------------------
Detailed RTL Component Info : 
+---Adders : 
	   2 Input   26 Bit       Adders := 2     
	   2 Input   16 Bit       Adders := 1     
	   2 Input    4 Bit       Adders := 4     
+---Registers : 
	               26 Bit    Registers := 2     
	               16 Bit    Registers := 1     
	                8 Bit    Registers := 1     
	                4 Bit    Registers := 7     
	                1 Bit    Registers := 8     
+---Muxes : 
	   3 Input   26 Bit        Muxes := 2     
	   2 Input   26 Bit        Muxes := 2     
	   5 Input    8 Bit        Muxes := 1     
	   4 Input    4 Bit        Muxes := 4     
	   2 Input    4 Bit        Muxes := 4     
	   5 Input    4 Bit        Muxes := 1     
	   3 Input    2 Bit        Muxes := 2     
	   2 Input    2 Bit        Muxes := 3     
	   2 Input    1 Bit        Muxes := 4     
	   5 Input    1 Bit        Muxes := 2     
	   4 Input    1 Bit        Muxes := 2     
---------------------------------------------------------------------------------
Finished RTL Component Statistics 
---------------------------------------------------------------------------------
---------------------------------------------------------------------------------
Start Part Resource Summary
---------------------------------------------------------------------------------
Part Resources:
DSPs: 90 (col length:60)
BRAMs: 100 (col length: RAMB18 60 RAMB36 30)
---------------------------------------------------------------------------------
Finished Part Resource Summary
---------------------------------------------------------------------------------
---------------------------------------------------------------------------------
Start Cross Boundary and Area Optimization
---------------------------------------------------------------------------------
---------------------------------------------------------------------------------
Finished Cross Boundary and Area Optimization : Time (s): cpu = 00:00:13 ; elapsed = 00:00:13 . Memory (MB): peak = 1034.582 ; gain = 3.723
---------------------------------------------------------------------------------
---------------------------------------------------------------------------------
Start Applying XDC Timing Constraints
---------------------------------------------------------------------------------
---------------------------------------------------------------------------------
Finished Applying XDC Timing Constraints : Time (s): cpu = 00:00:20 ; elapsed = 00:00:20 . Memory (MB): peak = 1034.582 ; gain = 3.723
---------------------------------------------------------------------------------
---------------------------------------------------------------------------------
Start Timing Optimization
---------------------------------------------------------------------------------
---------------------------------------------------------------------------------
Finished Timing Optimization : Time (s): cpu = 00:00:20 ; elapsed = 00:00:20 . Memory (MB): peak = 1034.582 ; gain = 3.723
---------------------------------------------------------------------------------
---------------------------------------------------------------------------------
Start Technology Mapping
---------------------------------------------------------------------------------
---------------------------------------------------------------------------------
Finished Technology Mapping : Time (s): cpu = 00:00:20 ; elapsed = 00:00:20 . Memory (MB): peak = 1048.359 ; gain = 17.500
---------------------------------------------------------------------------------
---------------------------------------------------------------------------------
Start IO Insertion
---------------------------------------------------------------------------------
---------------------------------------------------------------------------------
Start Flattening Before IO Insertion
---------------------------------------------------------------------------------
---------------------------------------------------------------------------------
Finished Flattening Before IO Insertion
---------------------------------------------------------------------------------
---------------------------------------------------------------------------------
Start Final Netlist Cleanup
---------------------------------------------------------------------------------
---------------------------------------------------------------------------------
Finished Final Netlist Cleanup
---------------------------------------------------------------------------------
---------------------------------------------------------------------------------
Finished IO Insertion : Time (s): cpu = 00:00:23 ; elapsed = 00:00:23 . Memory (MB): peak = 1048.359 ; gain = 17.500
---------------------------------------------------------------------------------
---------------------------------------------------------------------------------
Start Renaming Generated Instances
---------------------------------------------------------------------------------
---------------------------------------------------------------------------------
Finished Renaming Generated Instances : Time (s): cpu = 00:00:23 ; elapsed = 00:00:23 . Memory (MB): peak = 1048.359 ; gain = 17.500
---------------------------------------------------------------------------------
---------------------------------------------------------------------------------
Start Rebuilding User Hierarchy
---------------------------------------------------------------------------------
---------------------------------------------------------------------------------
Finished Rebuilding User Hierarchy : Time (s): cpu = 00:00:23 ; elapsed = 00:00:23 . Memory (MB): peak = 1048.359 ; gain = 17.500
---------------------------------------------------------------------------------
---------------------------------------------------------------------------------
Start Renaming Generated Ports
---------------------------------------------------------------------------------
---------------------------------------------------------------------------------
Finished Renaming Generated Ports : Time (s): cpu = 00:00:23 ; elapsed = 00:00:23 . Memory (MB): peak = 1048.359 ; gain = 17.500
---------------------------------------------------------------------------------
---------------------------------------------------------------------------------
Start Handling Custom Attributes
---------------------------------------------------------------------------------
---------------------------------------------------------------------------------
Finished Handling Custom Attributes : Time (s): cpu = 00:00:23 ; elapsed = 00:00:23 . Memory (MB): peak = 1048.359 ; gain = 17.500
---------------------------------------------------------------------------------
---------------------------------------------------------------------------------
Start Renaming Generated Nets
---------------------------------------------------------------------------------
---------------------------------------------------------------------------------
Finished Renaming Generated Nets : Time (s): cpu = 00:00:23 ; elapsed = 00:00:23 . Memory (MB): peak = 1048.359 ; gain = 17.500
---------------------------------------------------------------------------------
---------------------------------------------------------------------------------
Start Writing Synthesis Report
---------------------------------------------------------------------------------

Report BlackBoxes: 
+-+--------------+----------+
| |BlackBox name |Instances |
+-+--------------+----------+
+-+--------------+----------+

Report Cell Usage: 
+------+-------+------+
|      |Cell   |Count |
+------+-------+------+
|1     |BUFG   |     1|
|2     |CARRY4 |    39|
|3     |LUT1   |     8|
|4     |LUT2   |    37|
|5     |LUT3   |    30|
|6     |LUT4   |    28|
|7     |LUT5   |    31|
|8     |LUT6   |    53|
|9     |FDRE   |   192|
|10    |IBUF   |     3|
|11    |OBUF   |    19|
+------+-------+------+
---------------------------------------------------------------------------------
Finished Writing Synthesis Report : Time (s): cpu = 00:00:23 ; elapsed = 00:00:23 . Memory (MB): peak = 1048.359 ; gain = 17.500
---------------------------------------------------------------------------------
Synthesis finished with 0 errors, 0 critical warnings and 0 warnings.
Synthesis Optimization Runtime : Time (s): cpu = 00:00:16 ; elapsed = 00:00:21 . Memory (MB): peak = 1048.359 ; gain = 13.777
Synthesis Optimization Complete : Time (s): cpu = 00:00:23 ; elapsed = 00:00:23 . Memory (MB): peak = 1048.359 ; gain = 17.500
INFO: [Project 1-571] Translating synthesized netlist
Netlist sorting complete. Time (s): cpu = 00:00:00 ; elapsed = 00:00:00.004 . Memory (MB): peak = 1048.359 ; gain = 0.000
INFO: [Netlist 29-17] Analyzing 39 Unisim elements for replacement
INFO: [Netlist 29-28] Unisim Transformation completed in 0 CPU seconds
INFO: [Project 1-570] Preparing netlist for logic optimization
INFO: [Opt 31-138] Pushed 0 inverter(s) to 0 load pin(s).
Netlist sorting complete. Time (s): cpu = 00:00:00 ; elapsed = 00:00:00.001 . Memory (MB): peak = 1049.848 ; gain = 0.000
INFO: [Project 1-111] Unisim Transformation Summary:
No Unisim elements were transformed.

INFO: [Common 17-83] Releasing license: Synthesis
34 Infos, 2 Warnings, 0 Critical Warnings and 0 Errors encountered.
synth_design completed successfully
synth_design: Time (s): cpu = 00:00:28 ; elapsed = 00:00:29 . Memory (MB): peak = 1049.848 ; gain = 18.988
INFO: [Common 17-1381] The checkpoint 'D:/Computer_Programming/Logic_Designer/LogicDesignLAB/lab4/FPGA_demo/FPGA_demo.runs/synth_1/Stopwatch.dcp' has been generated.
INFO: [runtcl-4] Executing : report_utilization -file Stopwatch_utilization_synth.rpt -pb Stopwatch_utilization_synth.pb
INFO: [Common 17-206] Exiting Vivado at Thu Nov 12 15:55:46 2020...
