#-----------------------------------------------------------
# Vivado v2020.1.1 (64-bit)
# SW Build 2960000 on Wed Aug  5 22:57:20 MDT 2020
# IP Build 2956692 on Thu Aug  6 01:41:30 MDT 2020
# Start of session at: Sat Oct 17 17:15:59 2020
# Process ID: 23800
# Current directory: D:/Computer_Programming/Logic_Designer/LogicDesignLAB/lab3/Basic_1
# Command line: vivado.exe -gui_launcher_event rodinguilauncherevent14796 D:\Computer_Programming\Logic_Designer\LogicDesignLAB\lab3\Basic_1\Basic_1.xpr
# Log file: D:/Computer_Programming/Logic_Designer/LogicDesignLAB/lab3/Basic_1/vivado.log
# Journal file: D:/Computer_Programming/Logic_Designer/LogicDesignLAB/lab3/Basic_1\vivado.jou
#-----------------------------------------------------------
start_gui
open_project D:/Computer_Programming/Logic_Designer/LogicDesignLAB/lab3/Basic_1/Basic_1.xpr
Scanning sources...
Finished scanning sources
INFO: [IP_Flow 19-234] Refreshing IP repositories
INFO: [IP_Flow 19-1704] No user IP repositories specified
INFO: [IP_Flow 19-2313] Loaded Vivado IP repository 'D:/Program_Files/Xilinx/Vivado/2020.1/data/ip'.
open_project: Time (s): cpu = 00:00:27 ; elapsed = 00:00:10 . Memory (MB): peak = 1029.098 ; gain = 0.000
update_compile_order -fileset sources_1
set_property top Ping_Pong_Counter_t [current_fileset]
update_compile_order -fileset sources_1
set_property top Ping_Pong_Counter_t [get_filesets sim_1]
set_property top_lib xil_defaultlib [get_filesets sim_1]
WARNING: [filemgmt 56-199] Attempt to get parsing info during refresh. "On-the-fly" syntax checking information may be incorrect. [D:\Computer_Programming\Logic_Designer\LogicDesignLAB\lab3\Basic_1\Basic_1.srcs\sources_1\imports\Sources\Ping_Pong_Counter_t.v:]
WARNING: [filemgmt 56-199] Attempt to get parsing info during refresh. "On-the-fly" syntax checking information may be incorrect. [D:\Computer_Programming\Logic_Designer\LogicDesignLAB\lab3\Basic_1\Basic_1.srcs\sources_1\imports\Sources\Lab3_Ping_Pong_Counter.v:]
launch_simulation
Command: launch_simulation 
INFO: [Vivado 12-5682] Launching behavioral simulation in 'D:/Computer_Programming/Logic_Designer/LogicDesignLAB/lab3/Basic_1/Basic_1.sim/sim_1/behav/xsim'
INFO: [SIM-utils-51] Simulation object is 'sim_1'
INFO: [SIM-utils-54] Inspecting design source files for 'Ping_Pong_Counter_t' in fileset 'sim_1'...
INFO: [USF-XSim-97] Finding global include files...
INFO: [USF-XSim-98] Fetching design files from 'sim_1'...
INFO: [USF-XSim-2] XSim::Compile design
INFO: [USF-XSim-61] Executing 'COMPILE and ANALYZE' step in 'D:/Computer_Programming/Logic_Designer/LogicDesignLAB/lab3/Basic_1/Basic_1.sim/sim_1/behav/xsim'
"xvlog --incr --relax -prj Ping_Pong_Counter_t_vlog.prj"
run_program: Time (s): cpu = 00:00:02 ; elapsed = 00:00:09 . Memory (MB): peak = 1029.098 ; gain = 0.000
INFO: [USF-XSim-69] 'compile' step finished in '9' seconds
INFO: [USF-XSim-3] XSim::Elaborate design
INFO: [USF-XSim-61] Executing 'ELABORATE' step in 'D:/Computer_Programming/Logic_Designer/LogicDesignLAB/lab3/Basic_1/Basic_1.sim/sim_1/behav/xsim'
"xelab -wto a4c198b97c7e437f824695ddd47aea47 --incr --debug typical --relax --mt 2 -L xil_defaultlib -L unisims_ver -L unimacro_ver -L secureip --snapshot Ping_Pong_Counter_t_behav xil_defaultlib.Ping_Pong_Counter_t xil_defaultlib.glbl -log elaborate.log"
Vivado Simulator 2020.1.1
Copyright 1986-1999, 2001-2020 Xilinx, Inc. All Rights Reserved.
Running: D:/Program_Files/Xilinx/Vivado/2020.1/bin/unwrapped/win64.o/xelab.exe -wto a4c198b97c7e437f824695ddd47aea47 --incr --debug typical --relax --mt 2 -L xil_defaultlib -L unisims_ver -L unimacro_ver -L secureip --snapshot Ping_Pong_Counter_t_behav xil_defaultlib.Ping_Pong_Counter_t xil_defaultlib.glbl -log elaborate.log 
Using 2 slave threads.
Starting static elaboration
Pass Through NonSizing Optimizer
Completed static elaboration
INFO: [XSIM 43-4323] No Change in HDL. Linking previously generated obj files to create kernel
run_program: Time (s): cpu = 00:00:00 ; elapsed = 00:00:06 . Memory (MB): peak = 1029.098 ; gain = 0.000
INFO: [USF-XSim-69] 'elaborate' step finished in '5' seconds
INFO: [USF-XSim-4] XSim::Simulate design
INFO: [USF-XSim-61] Executing 'SIMULATE' step in 'D:/Computer_Programming/Logic_Designer/LogicDesignLAB/lab3/Basic_1/Basic_1.sim/sim_1/behav/xsim'
INFO: [USF-XSim-98] *** Running xsim
   with args "Ping_Pong_Counter_t_behav -key {Behavioral:sim_1:Functional:Ping_Pong_Counter_t} -tclbatch {Ping_Pong_Counter_t.tcl} -log {simulate.log}"
INFO: [USF-XSim-8] Loading simulator feature
Vivado Simulator 2020.1.1
Time resolution is 1 ps
source Ping_Pong_Counter_t.tcl
# set curr_wave [current_wave_config]
# if { [string length $curr_wave] == 0 } {
#   if { [llength [get_objects]] > 0} {
#     add_wave /
#     set_property needs_save false [current_wave_config]
#   } else {
#      send_msg_id Add_Wave-1 WARNING "No top level signals found. Simulator will start without a wave window. If you want to open a wave window go to 'File->New Waveform Configuration' or type 'create_wave_config' in the TCL console."
#   }
# }
# run 1000ns
$finish called at time : 186 ns : File "D:/Computer_Programming/Logic_Designer/LogicDesignLAB/lab3/Basic_1/Basic_1.srcs/sources_1/imports/Sources/Ping_Pong_Counter_t.v" Line 36
xsim: Time (s): cpu = 00:00:11 ; elapsed = 00:00:06 . Memory (MB): peak = 1029.098 ; gain = 0.000
INFO: [USF-XSim-96] XSim completed. Design snapshot 'Ping_Pong_Counter_t_behav' loaded.
INFO: [USF-XSim-97] XSim simulation ran for 1000ns
launch_simulation: Time (s): cpu = 00:00:16 ; elapsed = 00:00:23 . Memory (MB): peak = 1029.098 ; gain = 0.000
close_sim
INFO: [Simtcl 6-16] Simulation closed
close_sim: Time (s): cpu = 00:00:05 ; elapsed = 00:00:10 . Memory (MB): peak = 1029.098 ; gain = 0.000
exit
INFO: [Common 17-206] Exiting Vivado at Sat Oct 17 17:19:02 2020...
