#-----------------------------------------------------------
# Vivado v2020.1.1 (64-bit)
# SW Build 2960000 on Wed Aug  5 22:57:20 MDT 2020
# IP Build 2956692 on Thu Aug  6 01:41:30 MDT 2020
# Start of session at: Wed Dec  9 16:15:34 2020
# Process ID: 31948
# Current directory: D:/Computer_Programming/Logic_Designer/LogicDesignLAB/lab6/Mouse_demo
# Command line: vivado.exe -gui_launcher_event rodinguilauncherevent36548 D:\Computer_Programming\Logic_Designer\LogicDesignLAB\lab6\Mouse_demo\Mouse_demo.xpr
# Log file: D:/Computer_Programming/Logic_Designer/LogicDesignLAB/lab6/Mouse_demo/vivado.log
# Journal file: D:/Computer_Programming/Logic_Designer/LogicDesignLAB/lab6/Mouse_demo\vivado.jou
#-----------------------------------------------------------
start_gui
open_project D:/Computer_Programming/Logic_Designer/LogicDesignLAB/lab6/Mouse_demo/Mouse_demo.xpr
Scanning sources...
Finished scanning sources
INFO: [IP_Flow 19-234] Refreshing IP repositories
INFO: [IP_Flow 19-1704] No user IP repositories specified
INFO: [IP_Flow 19-2313] Loaded Vivado IP repository 'D:/Program_Files/Xilinx/Vivado/2020.1/data/ip'.
open_project: Time (s): cpu = 00:00:17 ; elapsed = 00:00:06 . Memory (MB): peak = 1025.641 ; gain = 0.000
update_compile_order -fileset sources_1
open_hw_manager
connect_hw_server -allow_non_jtag
INFO: [Labtools 27-2285] Connecting to hw_server url TCP:localhost:3121
INFO: [Labtools 27-3415] Connecting to cs_server url TCP:localhost:3042
INFO: [Labtools 27-3414] Connected to existing cs_server.
open_hw_target
INFO: [Labtoolstcl 44-466] Opening hw_target localhost:3121/xilinx_tcf/Digilent/210183711944A
open_hw_target: Time (s): cpu = 00:00:05 ; elapsed = 00:00:07 . Memory (MB): peak = 2341.598 ; gain = 1315.957
set_property PROGRAM.FILE {D:/Computer_Programming/Logic_Designer/LogicDesignLAB/lab6/Mouse_demo/Mouse_demo.runs/impl_1/top.bit} [get_hw_devices xc7a35t_0]
current_hw_device [get_hw_devices xc7a35t_0]
refresh_hw_device -update_hw_probes false [lindex [get_hw_devices xc7a35t_0] 0]
INFO: [Labtools 27-1434] Device xc7a35t (JTAG device index = 0) is programmed with a design that has no supported debug core(s) in it.
set_property PROBES.FILE {} [get_hw_devices xc7a35t_0]
set_property FULL_PROBES.FILE {} [get_hw_devices xc7a35t_0]
set_property PROGRAM.FILE {D:/Computer_Programming/Logic_Designer/LogicDesignLAB/lab6/Mouse_demo/Mouse_demo.runs/impl_1/top.bit} [get_hw_devices xc7a35t_0]
program_hw_devices [get_hw_devices xc7a35t_0]
INFO: [Labtools 27-3164] End of startup status: HIGH
refresh_hw_device [lindex [get_hw_devices xc7a35t_0] 0]
INFO: [Labtools 27-1434] Device xc7a35t (JTAG device index = 0) is programmed with a design that has no supported debug core(s) in it.
close_hw_manager
exit
INFO: [Common 17-206] Exiting Vivado at Thu Dec 10 08:20:48 2020...
