
*** Running vivado
    with args -log SampleDisplay.vds -m64 -product Vivado -mode batch -messageDb vivado.pb -notrace -source SampleDisplay.tcl



****** Vivado v2020.1.1 (64-bit)
  **** SW Build 2960000 on Wed Aug  5 22:57:20 MDT 2020
  **** IP Build 2956692 on Thu Aug  6 01:41:30 MDT 2020
    ** Copyright 1986-2020 Xilinx, Inc. All Rights Reserved.

source SampleDisplay.tcl -notrace
INFO: [IP_Flow 19-234] Refreshing IP repositories
INFO: [IP_Flow 19-1700] Loaded user IP repository 'd:/Computer_Programming/Logic_Designer/LogicDesignLAB/lab5/Keyboard Sample Code/Keyboard Sample Code/ip'.
INFO: [IP_Flow 19-2313] Loaded Vivado IP repository 'D:/Program_Files/Xilinx/Vivado/2020.1/data/ip'.
WARNING: [IP_Flow 19-4995] The host OS only allows 260 characters in a normal path. The IP cache path is more than 80 characters. If you experience issues with IP caching, please consider changing the IP cache to a location with a shorter path. Alternately consider using the OS subst command to map part of the path to a drive letter. 
Current IP cache path is d:/Computer_Programming/Logic_Designer/LogicDesignLAB/lab5/Keyboard_sample_demo/Keyboard_sample_demo.cache/ip 
Command: synth_design -top SampleDisplay -part xc7a35tcpg236-1
Starting synth_design
Attempting to get a license for feature 'Synthesis' and/or device 'xc7a35t'
INFO: [Common 17-349] Got license for feature 'Synthesis' and/or device 'xc7a35t'
INFO: [Device 21-403] Loading part xc7a35tcpg236-1
INFO: [Synth 8-7079] Multithreading enabled for synth_design using a maximum of 2 processes.
INFO: [Synth 8-7078] Launching helper process for spawning children vivado processes
INFO: [Synth 8-7075] Helper process launched with PID 26752
---------------------------------------------------------------------------------
Starting RTL Elaboration : Time (s): cpu = 00:00:03 ; elapsed = 00:00:04 . Memory (MB): peak = 1025.520 ; gain = 0.000
---------------------------------------------------------------------------------
INFO: [Synth 8-6157] synthesizing module 'SampleDisplay' [D:/Computer_Programming/Logic_Designer/LogicDesignLAB/lab5/Keyboard_sample_demo/Keyboard_sample_demo.srcs/sources_1/imports/Keyboard Sample Code/SampleDisplay.v:1]
	Parameter LEFT_SHIFT_CODES bound to: 9'b000010010 
	Parameter RIGHT_SHIFT_CODES bound to: 9'b001011001 
	Parameter KEY_CODES bound to: 180'b001000101000010110000011110000100110000100101000101110000110110000111101000111110001000110001110000001101001001110010001111010001101011001110011001110100001101100001110101001111101 
INFO: [Synth 8-6157] synthesizing module 'SevenSegment' [D:/Computer_Programming/Logic_Designer/LogicDesignLAB/lab5/Keyboard_sample_demo/Keyboard_sample_demo.srcs/sources_1/imports/Keyboard Sample Code/SevenSegment.v:1]
INFO: [Synth 8-6155] done synthesizing module 'SevenSegment' (1#1) [D:/Computer_Programming/Logic_Designer/LogicDesignLAB/lab5/Keyboard_sample_demo/Keyboard_sample_demo.srcs/sources_1/imports/Keyboard Sample Code/SevenSegment.v:1]
INFO: [Synth 8-6157] synthesizing module 'KeyboardDecoder' [D:/Computer_Programming/Logic_Designer/LogicDesignLAB/lab5/Keyboard_sample_demo/Keyboard_sample_demo.srcs/sources_1/imports/Keyboard Sample Code/KeyboardDecoder.v:1]
	Parameter INIT bound to: 2'b00 
	Parameter WAIT_FOR_SIGNAL bound to: 2'b01 
	Parameter GET_SIGNAL_DOWN bound to: 2'b10 
	Parameter WAIT_RELEASE bound to: 2'b11 
	Parameter IS_INIT bound to: 8'b10101010 
	Parameter IS_EXTEND bound to: 8'b11100000 
	Parameter IS_BREAK bound to: 8'b11110000 
INFO: [Synth 8-6157] synthesizing module 'KeyboardCtrl_0' [D:/Computer_Programming/Logic_Designer/LogicDesignLAB/lab5/Keyboard_sample_demo/Keyboard_sample_demo.runs/synth_1/.Xil/Vivado-2688-LAPTOP-J5R9FCMI/realtime/KeyboardCtrl_0_stub.v:6]
INFO: [Synth 8-6155] done synthesizing module 'KeyboardCtrl_0' (2#1) [D:/Computer_Programming/Logic_Designer/LogicDesignLAB/lab5/Keyboard_sample_demo/Keyboard_sample_demo.runs/synth_1/.Xil/Vivado-2688-LAPTOP-J5R9FCMI/realtime/KeyboardCtrl_0_stub.v:6]
INFO: [Synth 8-6157] synthesizing module 'OnePulse' [D:/Computer_Programming/Logic_Designer/LogicDesignLAB/lab5/Keyboard_sample_demo/Keyboard_sample_demo.srcs/sources_1/imports/Keyboard Sample Code/OnePulse.v:1]
INFO: [Synth 8-6155] done synthesizing module 'OnePulse' (3#1) [D:/Computer_Programming/Logic_Designer/LogicDesignLAB/lab5/Keyboard_sample_demo/Keyboard_sample_demo.srcs/sources_1/imports/Keyboard Sample Code/OnePulse.v:1]
INFO: [Synth 8-226] default block is never used [D:/Computer_Programming/Logic_Designer/LogicDesignLAB/lab5/Keyboard_sample_demo/Keyboard_sample_demo.srcs/sources_1/imports/Keyboard Sample Code/KeyboardDecoder.v:64]
INFO: [Synth 8-6155] done synthesizing module 'KeyboardDecoder' (4#1) [D:/Computer_Programming/Logic_Designer/LogicDesignLAB/lab5/Keyboard_sample_demo/Keyboard_sample_demo.srcs/sources_1/imports/Keyboard Sample Code/KeyboardDecoder.v:1]
INFO: [Synth 8-6155] done synthesizing module 'SampleDisplay' (5#1) [D:/Computer_Programming/Logic_Designer/LogicDesignLAB/lab5/Keyboard_sample_demo/Keyboard_sample_demo.srcs/sources_1/imports/Keyboard Sample Code/SampleDisplay.v:1]
---------------------------------------------------------------------------------
Finished RTL Elaboration : Time (s): cpu = 00:00:04 ; elapsed = 00:00:05 . Memory (MB): peak = 1025.520 ; gain = 0.000
---------------------------------------------------------------------------------
---------------------------------------------------------------------------------
Start Handling Custom Attributes
---------------------------------------------------------------------------------
---------------------------------------------------------------------------------
Finished Handling Custom Attributes : Time (s): cpu = 00:00:05 ; elapsed = 00:00:05 . Memory (MB): peak = 1025.520 ; gain = 0.000
---------------------------------------------------------------------------------
---------------------------------------------------------------------------------
Finished RTL Optimization Phase 1 : Time (s): cpu = 00:00:05 ; elapsed = 00:00:05 . Memory (MB): peak = 1025.520 ; gain = 0.000
---------------------------------------------------------------------------------
Netlist sorting complete. Time (s): cpu = 00:00:00 ; elapsed = 00:00:00.028 . Memory (MB): peak = 1025.520 ; gain = 0.000
INFO: [Project 1-570] Preparing netlist for logic optimization

Processing XDC Constraints
Initializing timing engine
Parsing XDC File [d:/Computer_Programming/Logic_Designer/LogicDesignLAB/lab5/Keyboard_sample_demo/Keyboard_sample_demo.srcs/sources_1/ip/KeyboardCtrl_0/KeyboardCtrl_0/KeyboardCtrl_0_in_context.xdc] for cell 'key_de/inst'
Finished Parsing XDC File [d:/Computer_Programming/Logic_Designer/LogicDesignLAB/lab5/Keyboard_sample_demo/Keyboard_sample_demo.srcs/sources_1/ip/KeyboardCtrl_0/KeyboardCtrl_0/KeyboardCtrl_0_in_context.xdc] for cell 'key_de/inst'
Parsing XDC File [D:/Computer_Programming/Logic_Designer/LogicDesignLAB/lab5/Keyboard_sample_demo/Keyboard_sample_demo.srcs/constrs_1/imports/Keyboard Sample Code/KeyboardConstraints.xdc]
Finished Parsing XDC File [D:/Computer_Programming/Logic_Designer/LogicDesignLAB/lab5/Keyboard_sample_demo/Keyboard_sample_demo.srcs/constrs_1/imports/Keyboard Sample Code/KeyboardConstraints.xdc]
INFO: [Project 1-236] Implementation specific constraints were found while reading constraint file [D:/Computer_Programming/Logic_Designer/LogicDesignLAB/lab5/Keyboard_sample_demo/Keyboard_sample_demo.srcs/constrs_1/imports/Keyboard Sample Code/KeyboardConstraints.xdc]. These constraints will be ignored for synthesis but will be used in implementation. Impacted constraints are listed in the file [.Xil/SampleDisplay_propImpl.xdc].
Resolution: To avoid this warning, move constraints listed in [.Xil/SampleDisplay_propImpl.xdc] to another XDC file and exclude this new file from synthesis with the used_in_synthesis property (File Properties dialog in GUI) and re-run elaboration/synthesis.
Completed Processing XDC Constraints

Netlist sorting complete. Time (s): cpu = 00:00:00 ; elapsed = 00:00:00.001 . Memory (MB): peak = 1038.094 ; gain = 0.000
INFO: [Project 1-111] Unisim Transformation Summary:
No Unisim elements were transformed.

Constraint Validation Runtime : Time (s): cpu = 00:00:00 ; elapsed = 00:00:00.004 . Memory (MB): peak = 1038.094 ; gain = 0.000
---------------------------------------------------------------------------------
Finished Constraint Validation : Time (s): cpu = 00:00:11 ; elapsed = 00:00:11 . Memory (MB): peak = 1038.094 ; gain = 12.574
---------------------------------------------------------------------------------
---------------------------------------------------------------------------------
Start Loading Part and Timing Information
---------------------------------------------------------------------------------
Loading part: xc7a35tcpg236-1
---------------------------------------------------------------------------------
Finished Loading Part and Timing Information : Time (s): cpu = 00:00:11 ; elapsed = 00:00:11 . Memory (MB): peak = 1038.094 ; gain = 12.574
---------------------------------------------------------------------------------
---------------------------------------------------------------------------------
Start Applying 'set_property' XDC Constraints
---------------------------------------------------------------------------------
Applied set_property IO_BUFFER_TYPE = NONE for PS2_CLK. (constraint file  d:/Computer_Programming/Logic_Designer/LogicDesignLAB/lab5/Keyboard_sample_demo/Keyboard_sample_demo.srcs/sources_1/ip/KeyboardCtrl_0/KeyboardCtrl_0/KeyboardCtrl_0_in_context.xdc, line 1).
Applied set_property CLOCK_BUFFER_TYPE = NONE for PS2_CLK. (constraint file  d:/Computer_Programming/Logic_Designer/LogicDesignLAB/lab5/Keyboard_sample_demo/Keyboard_sample_demo.srcs/sources_1/ip/KeyboardCtrl_0/KeyboardCtrl_0/KeyboardCtrl_0_in_context.xdc, line 2).
Applied set_property IO_BUFFER_TYPE = NONE for PS2_DATA. (constraint file  d:/Computer_Programming/Logic_Designer/LogicDesignLAB/lab5/Keyboard_sample_demo/Keyboard_sample_demo.srcs/sources_1/ip/KeyboardCtrl_0/KeyboardCtrl_0/KeyboardCtrl_0_in_context.xdc, line 3).
Applied set_property CLOCK_BUFFER_TYPE = NONE for PS2_DATA. (constraint file  d:/Computer_Programming/Logic_Designer/LogicDesignLAB/lab5/Keyboard_sample_demo/Keyboard_sample_demo.srcs/sources_1/ip/KeyboardCtrl_0/KeyboardCtrl_0/KeyboardCtrl_0_in_context.xdc, line 4).
Applied set_property DONT_TOUCH = true for key_de/inst. (constraint file  auto generated constraint, line ).
---------------------------------------------------------------------------------
Finished applying 'set_property' XDC Constraints : Time (s): cpu = 00:00:11 ; elapsed = 00:00:11 . Memory (MB): peak = 1038.094 ; gain = 12.574
---------------------------------------------------------------------------------
INFO: [Synth 8-802] inferred FSM for state register 'digit_reg' in module 'SevenSegment'
INFO: [Synth 8-802] inferred FSM for state register 'state_reg' in module 'KeyboardDecoder'
---------------------------------------------------------------------------------------------------
                   State |                     New Encoding |                Previous Encoding 
---------------------------------------------------------------------------------------------------
                 iSTATE3 |                              000 |                             1111
*
                  iSTATE |                              001 |                             1110
                 iSTATE0 |                              010 |                             1101
                 iSTATE1 |                              011 |                             1011
                 iSTATE2 |                              100 |                             0111
---------------------------------------------------------------------------------------------------
INFO: [Synth 8-3354] encoded FSM with state register 'digit_reg' using encoding 'sequential' in module 'SevenSegment'
---------------------------------------------------------------------------------------------------
                   State |                     New Encoding |                Previous Encoding 
---------------------------------------------------------------------------------------------------
                    INIT |                               00 |                               00
         WAIT_FOR_SIGNAL |                               01 |                               01
         GET_SIGNAL_DOWN |                               10 |                               10
            WAIT_RELEASE |                               11 |                               11
---------------------------------------------------------------------------------------------------
INFO: [Synth 8-3354] encoded FSM with state register 'state_reg' using encoding 'sequential' in module 'KeyboardDecoder'
---------------------------------------------------------------------------------
Finished RTL Optimization Phase 2 : Time (s): cpu = 00:00:11 ; elapsed = 00:00:11 . Memory (MB): peak = 1038.094 ; gain = 12.574
---------------------------------------------------------------------------------
---------------------------------------------------------------------------------
Start RTL Component Statistics 
---------------------------------------------------------------------------------
Detailed RTL Component Info : 
+---Registers : 
	              512 Bit    Registers := 1     
	               16 Bit    Registers := 1     
	               10 Bit    Registers := 1     
	                4 Bit    Registers := 1     
	                1 Bit    Registers := 6     
+---Muxes : 
	   2 Input  512 Bit        Muxes := 1     
	   2 Input   16 Bit        Muxes := 1     
	   4 Input   10 Bit        Muxes := 1     
	   5 Input    4 Bit        Muxes := 2     
	  21 Input    4 Bit        Muxes := 1     
	   2 Input    4 Bit        Muxes := 1     
	   5 Input    3 Bit        Muxes := 1     
	   4 Input    2 Bit        Muxes := 1     
	   2 Input    2 Bit        Muxes := 3     
	   2 Input    1 Bit        Muxes := 9     
	   4 Input    1 Bit        Muxes := 7     
---------------------------------------------------------------------------------
Finished RTL Component Statistics 
---------------------------------------------------------------------------------
---------------------------------------------------------------------------------
Start Part Resource Summary
---------------------------------------------------------------------------------
Part Resources:
DSPs: 90 (col length:60)
BRAMs: 100 (col length: RAMB18 60 RAMB36 30)
---------------------------------------------------------------------------------
Finished Part Resource Summary
---------------------------------------------------------------------------------
---------------------------------------------------------------------------------
Start Cross Boundary and Area Optimization
---------------------------------------------------------------------------------
---------------------------------------------------------------------------------
Finished Cross Boundary and Area Optimization : Time (s): cpu = 00:00:29 ; elapsed = 00:00:29 . Memory (MB): peak = 1038.094 ; gain = 12.574
---------------------------------------------------------------------------------
---------------------------------------------------------------------------------
Start Applying XDC Timing Constraints
---------------------------------------------------------------------------------
---------------------------------------------------------------------------------
Finished Applying XDC Timing Constraints : Time (s): cpu = 00:00:35 ; elapsed = 00:00:36 . Memory (MB): peak = 1040.645 ; gain = 15.125
---------------------------------------------------------------------------------
---------------------------------------------------------------------------------
Start Timing Optimization
---------------------------------------------------------------------------------
---------------------------------------------------------------------------------
Finished Timing Optimization : Time (s): cpu = 00:00:37 ; elapsed = 00:00:38 . Memory (MB): peak = 1123.652 ; gain = 98.133
---------------------------------------------------------------------------------
---------------------------------------------------------------------------------
Start Technology Mapping
---------------------------------------------------------------------------------
---------------------------------------------------------------------------------
Finished Technology Mapping : Time (s): cpu = 00:00:39 ; elapsed = 00:00:39 . Memory (MB): peak = 1133.973 ; gain = 108.453
---------------------------------------------------------------------------------
---------------------------------------------------------------------------------
Start IO Insertion
---------------------------------------------------------------------------------
---------------------------------------------------------------------------------
Start Flattening Before IO Insertion
---------------------------------------------------------------------------------
---------------------------------------------------------------------------------
Finished Flattening Before IO Insertion
---------------------------------------------------------------------------------
---------------------------------------------------------------------------------
Start Final Netlist Cleanup
---------------------------------------------------------------------------------
---------------------------------------------------------------------------------
Finished Final Netlist Cleanup
---------------------------------------------------------------------------------
---------------------------------------------------------------------------------
Finished IO Insertion : Time (s): cpu = 00:00:42 ; elapsed = 00:00:43 . Memory (MB): peak = 1139.738 ; gain = 114.219
---------------------------------------------------------------------------------
---------------------------------------------------------------------------------
Start Renaming Generated Instances
---------------------------------------------------------------------------------
---------------------------------------------------------------------------------
Finished Renaming Generated Instances : Time (s): cpu = 00:00:42 ; elapsed = 00:00:43 . Memory (MB): peak = 1139.738 ; gain = 114.219
---------------------------------------------------------------------------------
---------------------------------------------------------------------------------
Start Rebuilding User Hierarchy
---------------------------------------------------------------------------------
---------------------------------------------------------------------------------
Finished Rebuilding User Hierarchy : Time (s): cpu = 00:00:42 ; elapsed = 00:00:43 . Memory (MB): peak = 1139.738 ; gain = 114.219
---------------------------------------------------------------------------------
---------------------------------------------------------------------------------
Start Renaming Generated Ports
---------------------------------------------------------------------------------
---------------------------------------------------------------------------------
Finished Renaming Generated Ports : Time (s): cpu = 00:00:42 ; elapsed = 00:00:43 . Memory (MB): peak = 1139.738 ; gain = 114.219
---------------------------------------------------------------------------------
---------------------------------------------------------------------------------
Start Handling Custom Attributes
---------------------------------------------------------------------------------
---------------------------------------------------------------------------------
Finished Handling Custom Attributes : Time (s): cpu = 00:00:42 ; elapsed = 00:00:43 . Memory (MB): peak = 1139.738 ; gain = 114.219
---------------------------------------------------------------------------------
---------------------------------------------------------------------------------
Start Renaming Generated Nets
---------------------------------------------------------------------------------
---------------------------------------------------------------------------------
Finished Renaming Generated Nets : Time (s): cpu = 00:00:42 ; elapsed = 00:00:43 . Memory (MB): peak = 1139.738 ; gain = 114.219
---------------------------------------------------------------------------------
---------------------------------------------------------------------------------
Start Writing Synthesis Report
---------------------------------------------------------------------------------

Report BlackBoxes: 
+------+---------------+----------+
|      |BlackBox name  |Instances |
+------+---------------+----------+
|1     |KeyboardCtrl_0 |         1|
+------+---------------+----------+

Report Cell Usage: 
+------+-------------+------+
|      |Cell         |Count |
+------+-------------+------+
|1     |KeyboardCtrl |     1|
|2     |BUFG         |     1|
|3     |CARRY4       |     4|
|4     |LUT1         |    18|
|5     |LUT2         |    19|
|6     |LUT3         |     7|
|7     |LUT4         |   556|
|8     |LUT5         |    44|
|9     |LUT6         |   150|
|10    |MUXF7        |    76|
|11    |MUXF8        |    36|
|12    |FDCE         |   573|
|13    |FDRE         |     2|
|14    |IBUF         |     2|
|15    |OBUF         |    11|
+------+-------------+------+
---------------------------------------------------------------------------------
Finished Writing Synthesis Report : Time (s): cpu = 00:00:42 ; elapsed = 00:00:43 . Memory (MB): peak = 1139.738 ; gain = 114.219
---------------------------------------------------------------------------------
Synthesis finished with 0 errors, 0 critical warnings and 0 warnings.
Synthesis Optimization Runtime : Time (s): cpu = 00:00:35 ; elapsed = 00:00:41 . Memory (MB): peak = 1139.738 ; gain = 101.645
Synthesis Optimization Complete : Time (s): cpu = 00:00:42 ; elapsed = 00:00:43 . Memory (MB): peak = 1139.738 ; gain = 114.219
INFO: [Project 1-571] Translating synthesized netlist
Netlist sorting complete. Time (s): cpu = 00:00:00 ; elapsed = 00:00:00.012 . Memory (MB): peak = 1151.793 ; gain = 0.000
INFO: [Netlist 29-17] Analyzing 116 Unisim elements for replacement
INFO: [Netlist 29-28] Unisim Transformation completed in 0 CPU seconds
WARNING: [Netlist 29-101] Netlist 'SampleDisplay' is not ideal for floorplanning, since the cellview 'KeyboardDecoder' contains a large number of primitives.  Please consider enabling hierarchy in synthesis if you want to do floorplanning.
INFO: [Project 1-570] Preparing netlist for logic optimization
INFO: [Opt 31-138] Pushed 0 inverter(s) to 0 load pin(s).
Netlist sorting complete. Time (s): cpu = 00:00:00 ; elapsed = 00:00:00 . Memory (MB): peak = 1151.793 ; gain = 0.000
INFO: [Project 1-111] Unisim Transformation Summary:
No Unisim elements were transformed.

INFO: [Common 17-83] Releasing license: Synthesis
33 Infos, 2 Warnings, 0 Critical Warnings and 0 Errors encountered.
synth_design completed successfully
synth_design: Time (s): cpu = 00:00:47 ; elapsed = 00:00:49 . Memory (MB): peak = 1151.793 ; gain = 126.273
INFO: [Common 17-1381] The checkpoint 'D:/Computer_Programming/Logic_Designer/LogicDesignLAB/lab5/Keyboard_sample_demo/Keyboard_sample_demo.runs/synth_1/SampleDisplay.dcp' has been generated.
INFO: [runtcl-4] Executing : report_utilization -file SampleDisplay_utilization_synth.rpt -pb SampleDisplay_utilization_synth.pb
INFO: [Common 17-206] Exiting Vivado at Thu Nov 19 16:13:33 2020...
